Copyright 1986-2022 Xilinx, Inc. All Rights Reserved. Copyright 2022-2025 Advanced Micro Devices, Inc. All Rights Reserved.
--------------------------------------------------------------------------------------------------------------------------------------------------------------------
| Tool Version : Vivado v.2025.2 (win64) Build 6299465 Fri Nov 14 19:35:11 GMT 2025
| Date         : Mon May 25 23:58:44 2026
| Host         : Ansh running 64-bit major release  (build 9200)
| Command      : report_timing_summary -delay_type max -check_timing_verbose -max_paths 10 -input_pins -file scripts/../results/utilization_reports/impl_timing.rpt
| Design       : npu_top
| Device       : 7a35t-cpg236
| Speed File   : -1  PRODUCTION 1.23 2018-06-13
| Design State : Routed
--------------------------------------------------------------------------------------------------------------------------------------------------------------------

Timing Summary Report

------------------------------------------------------------------------------------------------
| Timer Settings
| --------------
------------------------------------------------------------------------------------------------

  Enable Multi Corner Analysis               :  Yes
  Enable Pessimism Removal                   :  Yes
  Pessimism Removal Resolution               :  Nearest Common Node
  Enable Input Delay Default Clock           :  No
  Enable Preset / Clear Arcs                 :  No
  Disable Flight Delays                      :  No
  Ignore I/O Paths                           :  No
  Timing Early Launch at Borrowing Latches   :  No
  Borrow Time for Max Delay Exceptions       :  Yes
  Merge Timing Exceptions                    :  Yes
  Inter-SLR Compensation                     :  Conservative

  Corner  Analyze    Analyze    
  Name    Max Paths  Min Paths  
  ------  ---------  ---------  
  Slow    Yes        Yes        
  Fast    Yes        Yes        


------------------------------------------------------------------------------------------------
| Report Methodology
| ------------------
------------------------------------------------------------------------------------------------

No report available as report_methodology has not been run prior. Run report_methodology on the current design for the summary of methodology violations.



check_timing report

Table of Contents
-----------------
1. checking no_clock (0)
2. checking constant_clock (0)
3. checking pulse_width_clock (0)
4. checking unconstrained_internal_endpoints (0)
5. checking no_input_delay (21)
6. checking no_output_delay (25)
7. checking multiple_clock (0)
8. checking generated_clocks (0)
9. checking loops (0)
10. checking partial_input_delay (0)
11. checking partial_output_delay (0)
12. checking latch_loops (0)

1. checking no_clock (0)
------------------------
 There are 0 register/latch pins with no clock.


2. checking constant_clock (0)
------------------------------
 There are 0 register/latch pins with constant_clock.


3. checking pulse_width_clock (0)
---------------------------------
 There are 0 register/latch pins which need pulse_width check


4. checking unconstrained_internal_endpoints (0)
------------------------------------------------
 There are 0 pins that are not constrained for maximum delay.

 There are 0 pins that are not constrained for maximum delay due to constant clock.


5. checking no_input_delay (21)
-------------------------------
 There are 0 input ports with no input delay specified.

 There are 21 input ports with no input delay but user has a false path constraint. (MEDIUM)

rd_col[0]
rd_col[1]
rd_en
rd_row[0]
rd_row[1]
rst_n
start
wr_col[0]
wr_col[1]
wr_data[0]
wr_data[1]
wr_data[2]
wr_data[3]
wr_data[4]
wr_data[5]
wr_data[6]
wr_data[7]
wr_en
wr_row[0]
wr_row[1]
wr_sel


6. checking no_output_delay (25)
--------------------------------
 There are 25 ports with no output delay specified. (HIGH)

done
rd_data[0]
rd_data[10]
rd_data[11]
rd_data[12]
rd_data[13]
rd_data[14]
rd_data[15]
rd_data[16]
rd_data[17]
rd_data[18]
rd_data[19]
rd_data[1]
rd_data[20]
rd_data[21]
rd_data[22]
rd_data[23]
rd_data[2]
rd_data[3]
rd_data[4]
rd_data[5]
rd_data[6]
rd_data[7]
rd_data[8]
rd_data[9]

 There are 0 ports with no output delay but user has a false path constraint

 There are 0 ports with no output delay but with a timing clock defined on it or propagating through it


7. checking multiple_clock (0)
------------------------------
 There are 0 register/latch pins with multiple clocks.


8. checking generated_clocks (0)
--------------------------------
 There are 0 generated clocks that are not connected to a clock source.


9. checking loops (0)
---------------------
 There are 0 combinational loops in the design.


10. checking partial_input_delay (0)
------------------------------------
 There are 0 input ports with partial input delay specified.


11. checking partial_output_delay (0)
-------------------------------------
 There are 0 ports with partial output delay specified.


12. checking latch_loops (0)
----------------------------
 There are 0 combinational latch loops in the design through latch input



------------------------------------------------------------------------------------------------
| Design Timing Summary
| ---------------------
------------------------------------------------------------------------------------------------

    WNS(ns)      TNS(ns)  TNS Failing Endpoints  TNS Total Endpoints     WPWS(ns)     TPWS(ns)  TPWS Failing Endpoints  TPWS Total Endpoints  
    -------      -------  ---------------------  -------------------     --------     --------  ----------------------  --------------------  
      0.153        0.000                      0                 2325        4.500        0.000                       0                  1259  


All user specified timing constraints are met.


------------------------------------------------------------------------------------------------
| Clock Summary
| -------------
------------------------------------------------------------------------------------------------

Clock    Waveform(ns)       Period(ns)      Frequency(MHz)
-----    ------------       ----------      --------------
sys_clk  {0.000 5.000}      10.000          100.000         


------------------------------------------------------------------------------------------------
| Intra Clock Table
| -----------------
------------------------------------------------------------------------------------------------

Clock             WNS(ns)      TNS(ns)  TNS Failing Endpoints  TNS Total Endpoints     WPWS(ns)     TPWS(ns)  TPWS Failing Endpoints  TPWS Total Endpoints  
-----             -------      -------  ---------------------  -------------------     --------     --------  ----------------------  --------------------  
sys_clk             0.153        0.000                      0                 2325        4.500        0.000                       0                  1259  


------------------------------------------------------------------------------------------------
| Inter Clock Table
| -----------------
------------------------------------------------------------------------------------------------

From Clock    To Clock          WNS(ns)      TNS(ns)  TNS Failing Endpoints  TNS Total Endpoints  
----------    --------          -------      -------  ---------------------  -------------------  


------------------------------------------------------------------------------------------------
| Other Path Groups Table
| -----------------------
------------------------------------------------------------------------------------------------

Path Group    From Clock    To Clock          WNS(ns)      TNS(ns)  TNS Failing Endpoints  TNS Total Endpoints  
----------    ----------    --------          -------      -------  ---------------------  -------------------  


------------------------------------------------------------------------------------------------
| Timing Details
| --------------
------------------------------------------------------------------------------------------------


---------------------------------------------------------------------------------------------------
From Clock:  sys_clk
  To Clock:  sys_clk

Setup :            0  Failing Endpoints,  Worst Slack        0.153ns,  Total Violation        0.000ns
Hold  :           NA  Failing Endpoints,  Worst Slack           NA  ,  Total Violation           NA
PW    :            0  Failing Endpoints,  Worst Slack        4.500ns,  Total Violation        0.000ns
---------------------------------------------------------------------------------------------------


Max Delay Paths
--------------------------------------------------------------------------------------
Slack (MET) :             0.153ns  (required time - arrival time)
  Source:                 u_array/kr3c_reg[1]/C
                            (rising edge-triggered cell FDRE clocked by sys_clk  {rise@0.000ns fall@5.000ns period=10.000ns})
  Destination:            u_array/acc_reg[3][3][21]/D
                            (rising edge-triggered cell FDRE clocked by sys_clk  {rise@0.000ns fall@5.000ns period=10.000ns})
  Path Group:             sys_clk
  Path Type:              Setup (Max at Slow Process Corner)
  Requirement:            10.000ns  (sys_clk rise@10.000ns - sys_clk rise@0.000ns)
  Data Path Delay:        9.642ns  (logic 4.227ns (43.840%)  route 5.415ns (56.160%))
  Logic Levels:           13  (CARRY4=8 LUT2=1 LUT3=1 LUT4=1 LUT6=2)
  Clock Path Skew:        -0.106ns (DCD - SCD + CPR)
    Destination Clock Delay (DCD):    4.786ns = ( 14.786 - 10.000 ) 
    Source Clock Delay      (SCD):    5.080ns
    Clock Pessimism Removal (CPR):    0.188ns
  Clock Uncertainty:      0.161ns  ((TSJ^2 + TIJ^2)^1/2 + DJ) / 2 + PE + UU
    Total System Jitter     (TSJ):    0.071ns
    Total Input Jitter      (TIJ):    0.100ns
    Discrete Jitter          (DJ):    0.000ns
    Phase Error              (PE):    0.000ns
    User Uncertainty         (UU):    0.100ns

    Location             Delay type                Incr(ns)  Path(ns)    Netlist Resource(s)
  -------------------------------------------------------------------    -------------------
                         (clock sys_clk rise edge)    0.000     0.000 r  
    W5                                                0.000     0.000 r  clk (IN)
                         net (fo=0)                   0.000     0.000    clk
    W5                                                                r  clk_IBUF_inst/I
    W5                   IBUF (Prop_ibuf_I_O)         1.458     1.458 r  clk_IBUF_inst/O
                         net (fo=1, routed)           1.967     3.425    clk_IBUF
    BUFGCTRL_X0Y0                                                     r  clk_IBUF_BUFG_inst/I
    BUFGCTRL_X0Y0        BUFG (Prop_bufg_I_O)         0.096     3.521 r  clk_IBUF_BUFG_inst/O
                         net (fo=1258, routed)        1.559     5.080    u_array/clk_IBUF_BUFG
    SLICE_X41Y15         FDRE                                         r  u_array/kr3c_reg[1]/C
  -------------------------------------------------------------------    -------------------
    SLICE_X41Y15         FDRE (Prop_fdre_C_Q)         0.456     5.536 r  u_array/kr3c_reg[1]/Q
                         net (fo=32, routed)          1.276     6.812    u_array/kr3c[1]
    SLICE_X42Y11                                                      r  u_array/acc[3][3][0]_i_15/I3
    SLICE_X42Y11         LUT6 (Prop_lut6_I3_O)        0.124     6.936 r  u_array/acc[3][3][0]_i_15/O
                         net (fo=17, routed)          1.405     8.341    u_array/B[1]
    SLICE_X15Y8                                                       r  u_array/acc[3][3][0]_i_7/I0
    SLICE_X15Y8          LUT6 (Prop_lut6_I0_O)        0.124     8.465 r  u_array/acc[3][3][0]_i_7/O
                         net (fo=1, routed)           0.610     9.075    u_array/acc[3][3][0]_i_7_n_0
    SLICE_X14Y8                                                       r  u_array/acc_reg[3][3][0]_i_2/DI[3]
    SLICE_X14Y8          CARRY4 (Prop_carry4_DI[3]_CO[3])
                                                      0.396     9.471 r  u_array/acc_reg[3][3][0]_i_2/CO[3]
                         net (fo=1, routed)           0.000     9.471    u_array/acc_reg[3][3][0]_i_2_n_0
    SLICE_X14Y9                                                       r  u_array/acc_reg[3][3][4]_i_16/CI
    SLICE_X14Y9          CARRY4 (Prop_carry4_CI_CO[3])
                                                      0.117     9.588 r  u_array/acc_reg[3][3][4]_i_16/CO[3]
                         net (fo=1, routed)           0.000     9.588    u_array/acc_reg[3][3][4]_i_16_n_0
    SLICE_X14Y10                                                      r  u_array/acc_reg[3][3][8]_i_16/CI
    SLICE_X14Y10         CARRY4 (Prop_carry4_CI_O[1])
                                                      0.323     9.911 r  u_array/acc_reg[3][3][8]_i_16/O[1]
                         net (fo=2, routed)           0.735    10.646    u_array/acc_reg[3][3][8]_i_16_n_6
    SLICE_X14Y12                                                      r  u_array/acc[3][3][8]_i_8/I2
    SLICE_X14Y12         LUT3 (Prop_lut3_I2_O)        0.332    10.978 r  u_array/acc[3][3][8]_i_8/O
                         net (fo=2, routed)           0.886    11.864    u_array/acc[3][3][8]_i_8_n_0
    SLICE_X14Y12                                                      r  u_array/acc[3][3][8]_i_12/I0
    SLICE_X14Y12         LUT4 (Prop_lut4_I0_O)        0.348    12.212 r  u_array/acc[3][3][8]_i_12/O
                         net (fo=1, routed)           0.000    12.212    u_array/acc[3][3][8]_i_12_n_0
    SLICE_X14Y12                                                      r  u_array/acc_reg[3][3][8]_i_2/S[2]
    SLICE_X14Y12         CARRY4 (Prop_carry4_S[2]_CO[3])
                                                      0.380    12.592 r  u_array/acc_reg[3][3][8]_i_2/CO[3]
                         net (fo=1, routed)           0.000    12.592    u_array/acc_reg[3][3][8]_i_2_n_0
    SLICE_X14Y13                                                      r  u_array/acc_reg[3][3][12]_i_2/CI
    SLICE_X14Y13         CARRY4 (Prop_carry4_CI_O[1])
                                                      0.323    12.915 r  u_array/acc_reg[3][3][12]_i_2/O[1]
                         net (fo=2, routed)           0.503    13.418    u_array/e33[13]
    SLICE_X13Y12                                                      r  u_array/acc[3][3][12]_i_5/I0
    SLICE_X13Y12         LUT2 (Prop_lut2_I0_O)        0.306    13.724 r  u_array/acc[3][3][12]_i_5/O
                         net (fo=1, routed)           0.000    13.724    u_array/acc[3][3][12]_i_5_n_0
    SLICE_X13Y12                                                      r  u_array/acc_reg[3][3][12]_i_1/S[1]
    SLICE_X13Y12         CARRY4 (Prop_carry4_S[1]_CO[3])
                                                      0.550    14.274 r  u_array/acc_reg[3][3][12]_i_1/CO[3]
                         net (fo=1, routed)           0.000    14.274    u_array/acc_reg[3][3][12]_i_1_n_0
    SLICE_X13Y13                                                      r  u_array/acc_reg[3][3][16]_i_1/CI
    SLICE_X13Y13         CARRY4 (Prop_carry4_CI_CO[3])
                                                      0.114    14.388 r  u_array/acc_reg[3][3][16]_i_1/CO[3]
                         net (fo=1, routed)           0.000    14.388    u_array/acc_reg[3][3][16]_i_1_n_0
    SLICE_X13Y14                                                      r  u_array/acc_reg[3][3][20]_i_1/CI
    SLICE_X13Y14         CARRY4 (Prop_carry4_CI_O[1])
                                                      0.334    14.722 r  u_array/acc_reg[3][3][20]_i_1/O[1]
                         net (fo=1, routed)           0.000    14.722    u_array/acc_reg[3][3][20]_i_1_n_6
    SLICE_X13Y14         FDRE                                         r  u_array/acc_reg[3][3][21]/D
  -------------------------------------------------------------------    -------------------

                         (clock sys_clk rise edge)   10.000    10.000 r  
    W5                                                0.000    10.000 r  clk (IN)
                         net (fo=0)                   0.000    10.000    clk
    W5                                                                r  clk_IBUF_inst/I
    W5                   IBUF (Prop_ibuf_I_O)         1.388    11.388 r  clk_IBUF_inst/O
                         net (fo=1, routed)           1.862    13.250    clk_IBUF
    BUFGCTRL_X0Y0                                                     r  clk_IBUF_BUFG_inst/I
    BUFGCTRL_X0Y0        BUFG (Prop_bufg_I_O)         0.091    13.341 r  clk_IBUF_BUFG_inst/O
                         net (fo=1258, routed)        1.445    14.786    u_array/clk_IBUF_BUFG
    SLICE_X13Y14         FDRE                                         r  u_array/acc_reg[3][3][21]/C
                         clock pessimism              0.188    14.974    
                         clock uncertainty           -0.161    14.813    
    SLICE_X13Y14         FDRE (Setup_fdre_C_D)        0.062    14.875    u_array/acc_reg[3][3][21]
  -------------------------------------------------------------------
                         required time                         14.875    
                         arrival time                         -14.722    
  -------------------------------------------------------------------
                         slack                                  0.153    

Slack (MET) :             0.174ns  (required time - arrival time)
  Source:                 u_array/kr3c_reg[1]/C
                            (rising edge-triggered cell FDRE clocked by sys_clk  {rise@0.000ns fall@5.000ns period=10.000ns})
  Destination:            u_array/acc_reg[3][3][23]/D
                            (rising edge-triggered cell FDRE clocked by sys_clk  {rise@0.000ns fall@5.000ns period=10.000ns})
  Path Group:             sys_clk
  Path Type:              Setup (Max at Slow Process Corner)
  Requirement:            10.000ns  (sys_clk rise@10.000ns - sys_clk rise@0.000ns)
  Data Path Delay:        9.621ns  (logic 4.206ns (43.717%)  route 5.415ns (56.283%))
  Logic Levels:           13  (CARRY4=8 LUT2=1 LUT3=1 LUT4=1 LUT6=2)
  Clock Path Skew:        -0.106ns (DCD - SCD + CPR)
    Destination Clock Delay (DCD):    4.786ns = ( 14.786 - 10.000 ) 
    Source Clock Delay      (SCD):    5.080ns
    Clock Pessimism Removal (CPR):    0.188ns
  Clock Uncertainty:      0.161ns  ((TSJ^2 + TIJ^2)^1/2 + DJ) / 2 + PE + UU
    Total System Jitter     (TSJ):    0.071ns
    Total Input Jitter      (TIJ):    0.100ns
    Discrete Jitter          (DJ):    0.000ns
    Phase Error              (PE):    0.000ns
    User Uncertainty         (UU):    0.100ns

    Location             Delay type                Incr(ns)  Path(ns)    Netlist Resource(s)
  -------------------------------------------------------------------    -------------------
                         (clock sys_clk rise edge)    0.000     0.000 r  
    W5                                                0.000     0.000 r  clk (IN)
                         net (fo=0)                   0.000     0.000    clk
    W5                                                                r  clk_IBUF_inst/I
    W5                   IBUF (Prop_ibuf_I_O)         1.458     1.458 r  clk_IBUF_inst/O
                         net (fo=1, routed)           1.967     3.425    clk_IBUF
    BUFGCTRL_X0Y0                                                     r  clk_IBUF_BUFG_inst/I
    BUFGCTRL_X0Y0        BUFG (Prop_bufg_I_O)         0.096     3.521 r  clk_IBUF_BUFG_inst/O
                         net (fo=1258, routed)        1.559     5.080    u_array/clk_IBUF_BUFG
    SLICE_X41Y15         FDRE                                         r  u_array/kr3c_reg[1]/C
  -------------------------------------------------------------------    -------------------
    SLICE_X41Y15         FDRE (Prop_fdre_C_Q)         0.456     5.536 r  u_array/kr3c_reg[1]/Q
                         net (fo=32, routed)          1.276     6.812    u_array/kr3c[1]
    SLICE_X42Y11                                                      r  u_array/acc[3][3][0]_i_15/I3
    SLICE_X42Y11         LUT6 (Prop_lut6_I3_O)        0.124     6.936 r  u_array/acc[3][3][0]_i_15/O
                         net (fo=17, routed)          1.405     8.341    u_array/B[1]
    SLICE_X15Y8                                                       r  u_array/acc[3][3][0]_i_7/I0
    SLICE_X15Y8          LUT6 (Prop_lut6_I0_O)        0.124     8.465 r  u_array/acc[3][3][0]_i_7/O
                         net (fo=1, routed)           0.610     9.075    u_array/acc[3][3][0]_i_7_n_0
    SLICE_X14Y8                                                       r  u_array/acc_reg[3][3][0]_i_2/DI[3]
    SLICE_X14Y8          CARRY4 (Prop_carry4_DI[3]_CO[3])
                                                      0.396     9.471 r  u_array/acc_reg[3][3][0]_i_2/CO[3]
                         net (fo=1, routed)           0.000     9.471    u_array/acc_reg[3][3][0]_i_2_n_0
    SLICE_X14Y9                                                       r  u_array/acc_reg[3][3][4]_i_16/CI
    SLICE_X14Y9          CARRY4 (Prop_carry4_CI_CO[3])
                                                      0.117     9.588 r  u_array/acc_reg[3][3][4]_i_16/CO[3]
                         net (fo=1, routed)           0.000     9.588    u_array/acc_reg[3][3][4]_i_16_n_0
    SLICE_X14Y10                                                      r  u_array/acc_reg[3][3][8]_i_16/CI
    SLICE_X14Y10         CARRY4 (Prop_carry4_CI_O[1])
                                                      0.323     9.911 r  u_array/acc_reg[3][3][8]_i_16/O[1]
                         net (fo=2, routed)           0.735    10.646    u_array/acc_reg[3][3][8]_i_16_n_6
    SLICE_X14Y12                                                      r  u_array/acc[3][3][8]_i_8/I2
    SLICE_X14Y12         LUT3 (Prop_lut3_I2_O)        0.332    10.978 r  u_array/acc[3][3][8]_i_8/O
                         net (fo=2, routed)           0.886    11.864    u_array/acc[3][3][8]_i_8_n_0
    SLICE_X14Y12                                                      r  u_array/acc[3][3][8]_i_12/I0
    SLICE_X14Y12         LUT4 (Prop_lut4_I0_O)        0.348    12.212 r  u_array/acc[3][3][8]_i_12/O
                         net (fo=1, routed)           0.000    12.212    u_array/acc[3][3][8]_i_12_n_0
    SLICE_X14Y12                                                      r  u_array/acc_reg[3][3][8]_i_2/S[2]
    SLICE_X14Y12         CARRY4 (Prop_carry4_S[2]_CO[3])
                                                      0.380    12.592 r  u_array/acc_reg[3][3][8]_i_2/CO[3]
                         net (fo=1, routed)           0.000    12.592    u_array/acc_reg[3][3][8]_i_2_n_0
    SLICE_X14Y13                                                      r  u_array/acc_reg[3][3][12]_i_2/CI
    SLICE_X14Y13         CARRY4 (Prop_carry4_CI_O[1])
                                                      0.323    12.915 r  u_array/acc_reg[3][3][12]_i_2/O[1]
                         net (fo=2, routed)           0.503    13.418    u_array/e33[13]
    SLICE_X13Y12                                                      r  u_array/acc[3][3][12]_i_5/I0
    SLICE_X13Y12         LUT2 (Prop_lut2_I0_O)        0.306    13.724 r  u_array/acc[3][3][12]_i_5/O
                         net (fo=1, routed)           0.000    13.724    u_array/acc[3][3][12]_i_5_n_0
    SLICE_X13Y12                                                      r  u_array/acc_reg[3][3][12]_i_1/S[1]
    SLICE_X13Y12         CARRY4 (Prop_carry4_S[1]_CO[3])
                                                      0.550    14.274 r  u_array/acc_reg[3][3][12]_i_1/CO[3]
                         net (fo=1, routed)           0.000    14.274    u_array/acc_reg[3][3][12]_i_1_n_0
    SLICE_X13Y13                                                      r  u_array/acc_reg[3][3][16]_i_1/CI
    SLICE_X13Y13         CARRY4 (Prop_carry4_CI_CO[3])
                                                      0.114    14.388 r  u_array/acc_reg[3][3][16]_i_1/CO[3]
                         net (fo=1, routed)           0.000    14.388    u_array/acc_reg[3][3][16]_i_1_n_0
    SLICE_X13Y14                                                      r  u_array/acc_reg[3][3][20]_i_1/CI
    SLICE_X13Y14         CARRY4 (Prop_carry4_CI_O[3])
                                                      0.313    14.701 r  u_array/acc_reg[3][3][20]_i_1/O[3]
                         net (fo=1, routed)           0.000    14.701    u_array/acc_reg[3][3][20]_i_1_n_4
    SLICE_X13Y14         FDRE                                         r  u_array/acc_reg[3][3][23]/D
  -------------------------------------------------------------------    -------------------

                         (clock sys_clk rise edge)   10.000    10.000 r  
    W5                                                0.000    10.000 r  clk (IN)
                         net (fo=0)                   0.000    10.000    clk
    W5                                                                r  clk_IBUF_inst/I
    W5                   IBUF (Prop_ibuf_I_O)         1.388    11.388 r  clk_IBUF_inst/O
                         net (fo=1, routed)           1.862    13.250    clk_IBUF
    BUFGCTRL_X0Y0                                                     r  clk_IBUF_BUFG_inst/I
    BUFGCTRL_X0Y0        BUFG (Prop_bufg_I_O)         0.091    13.341 r  clk_IBUF_BUFG_inst/O
                         net (fo=1258, routed)        1.445    14.786    u_array/clk_IBUF_BUFG
    SLICE_X13Y14         FDRE                                         r  u_array/acc_reg[3][3][23]/C
                         clock pessimism              0.188    14.974    
                         clock uncertainty           -0.161    14.813    
    SLICE_X13Y14         FDRE (Setup_fdre_C_D)        0.062    14.875    u_array/acc_reg[3][3][23]
  -------------------------------------------------------------------
                         required time                         14.875    
                         arrival time                         -14.701    
  -------------------------------------------------------------------
                         slack                                  0.174    

Slack (MET) :             0.248ns  (required time - arrival time)
  Source:                 u_array/kr3c_reg[1]/C
                            (rising edge-triggered cell FDRE clocked by sys_clk  {rise@0.000ns fall@5.000ns period=10.000ns})
  Destination:            u_array/acc_reg[3][3][22]/D
                            (rising edge-triggered cell FDRE clocked by sys_clk  {rise@0.000ns fall@5.000ns period=10.000ns})
  Path Group:             sys_clk
  Path Type:              Setup (Max at Slow Process Corner)
  Requirement:            10.000ns  (sys_clk rise@10.000ns - sys_clk rise@0.000ns)
  Data Path Delay:        9.547ns  (logic 4.132ns (43.281%)  route 5.415ns (56.719%))
  Logic Levels:           13  (CARRY4=8 LUT2=1 LUT3=1 LUT4=1 LUT6=2)
  Clock Path Skew:        -0.106ns (DCD - SCD + CPR)
    Destination Clock Delay (DCD):    4.786ns = ( 14.786 - 10.000 ) 
    Source Clock Delay      (SCD):    5.080ns
    Clock Pessimism Removal (CPR):    0.188ns
  Clock Uncertainty:      0.161ns  ((TSJ^2 + TIJ^2)^1/2 + DJ) / 2 + PE + UU
    Total System Jitter     (TSJ):    0.071ns
    Total Input Jitter      (TIJ):    0.100ns
    Discrete Jitter          (DJ):    0.000ns
    Phase Error              (PE):    0.000ns
    User Uncertainty         (UU):    0.100ns

    Location             Delay type                Incr(ns)  Path(ns)    Netlist Resource(s)
  -------------------------------------------------------------------    -------------------
                         (clock sys_clk rise edge)    0.000     0.000 r  
    W5                                                0.000     0.000 r  clk (IN)
                         net (fo=0)                   0.000     0.000    clk
    W5                                                                r  clk_IBUF_inst/I
    W5                   IBUF (Prop_ibuf_I_O)         1.458     1.458 r  clk_IBUF_inst/O
                         net (fo=1, routed)           1.967     3.425    clk_IBUF
    BUFGCTRL_X0Y0                                                     r  clk_IBUF_BUFG_inst/I
    BUFGCTRL_X0Y0        BUFG (Prop_bufg_I_O)         0.096     3.521 r  clk_IBUF_BUFG_inst/O
                         net (fo=1258, routed)        1.559     5.080    u_array/clk_IBUF_BUFG
    SLICE_X41Y15         FDRE                                         r  u_array/kr3c_reg[1]/C
  -------------------------------------------------------------------    -------------------
    SLICE_X41Y15         FDRE (Prop_fdre_C_Q)         0.456     5.536 r  u_array/kr3c_reg[1]/Q
                         net (fo=32, routed)          1.276     6.812    u_array/kr3c[1]
    SLICE_X42Y11                                                      r  u_array/acc[3][3][0]_i_15/I3
    SLICE_X42Y11         LUT6 (Prop_lut6_I3_O)        0.124     6.936 r  u_array/acc[3][3][0]_i_15/O
                         net (fo=17, routed)          1.405     8.341    u_array/B[1]
    SLICE_X15Y8                                                       r  u_array/acc[3][3][0]_i_7/I0
    SLICE_X15Y8          LUT6 (Prop_lut6_I0_O)        0.124     8.465 r  u_array/acc[3][3][0]_i_7/O
                         net (fo=1, routed)           0.610     9.075    u_array/acc[3][3][0]_i_7_n_0
    SLICE_X14Y8                                                       r  u_array/acc_reg[3][3][0]_i_2/DI[3]
    SLICE_X14Y8          CARRY4 (Prop_carry4_DI[3]_CO[3])
                                                      0.396     9.471 r  u_array/acc_reg[3][3][0]_i_2/CO[3]
                         net (fo=1, routed)           0.000     9.471    u_array/acc_reg[3][3][0]_i_2_n_0
    SLICE_X14Y9                                                       r  u_array/acc_reg[3][3][4]_i_16/CI
    SLICE_X14Y9          CARRY4 (Prop_carry4_CI_CO[3])
                                                      0.117     9.588 r  u_array/acc_reg[3][3][4]_i_16/CO[3]
                         net (fo=1, routed)           0.000     9.588    u_array/acc_reg[3][3][4]_i_16_n_0
    SLICE_X14Y10                                                      r  u_array/acc_reg[3][3][8]_i_16/CI
    SLICE_X14Y10         CARRY4 (Prop_carry4_CI_O[1])
                                                      0.323     9.911 r  u_array/acc_reg[3][3][8]_i_16/O[1]
                         net (fo=2, routed)           0.735    10.646    u_array/acc_reg[3][3][8]_i_16_n_6
    SLICE_X14Y12                                                      r  u_array/acc[3][3][8]_i_8/I2
    SLICE_X14Y12         LUT3 (Prop_lut3_I2_O)        0.332    10.978 r  u_array/acc[3][3][8]_i_8/O
                         net (fo=2, routed)           0.886    11.864    u_array/acc[3][3][8]_i_8_n_0
    SLICE_X14Y12                                                      r  u_array/acc[3][3][8]_i_12/I0
    SLICE_X14Y12         LUT4 (Prop_lut4_I0_O)        0.348    12.212 r  u_array/acc[3][3][8]_i_12/O
                         net (fo=1, routed)           0.000    12.212    u_array/acc[3][3][8]_i_12_n_0
    SLICE_X14Y12                                                      r  u_array/acc_reg[3][3][8]_i_2/S[2]
    SLICE_X14Y12         CARRY4 (Prop_carry4_S[2]_CO[3])
                                                      0.380    12.592 r  u_array/acc_reg[3][3][8]_i_2/CO[3]
                         net (fo=1, routed)           0.000    12.592    u_array/acc_reg[3][3][8]_i_2_n_0
    SLICE_X14Y13                                                      r  u_array/acc_reg[3][3][12]_i_2/CI
    SLICE_X14Y13         CARRY4 (Prop_carry4_CI_O[1])
                                                      0.323    12.915 r  u_array/acc_reg[3][3][12]_i_2/O[1]
                         net (fo=2, routed)           0.503    13.418    u_array/e33[13]
    SLICE_X13Y12                                                      r  u_array/acc[3][3][12]_i_5/I0
    SLICE_X13Y12         LUT2 (Prop_lut2_I0_O)        0.306    13.724 r  u_array/acc[3][3][12]_i_5/O
                         net (fo=1, routed)           0.000    13.724    u_array/acc[3][3][12]_i_5_n_0
    SLICE_X13Y12                                                      r  u_array/acc_reg[3][3][12]_i_1/S[1]
    SLICE_X13Y12         CARRY4 (Prop_carry4_S[1]_CO[3])
                                                      0.550    14.274 r  u_array/acc_reg[3][3][12]_i_1/CO[3]
                         net (fo=1, routed)           0.000    14.274    u_array/acc_reg[3][3][12]_i_1_n_0
    SLICE_X13Y13                                                      r  u_array/acc_reg[3][3][16]_i_1/CI
    SLICE_X13Y13         CARRY4 (Prop_carry4_CI_CO[3])
                                                      0.114    14.388 r  u_array/acc_reg[3][3][16]_i_1/CO[3]
                         net (fo=1, routed)           0.000    14.388    u_array/acc_reg[3][3][16]_i_1_n_0
    SLICE_X13Y14                                                      r  u_array/acc_reg[3][3][20]_i_1/CI
    SLICE_X13Y14         CARRY4 (Prop_carry4_CI_O[2])
                                                      0.239    14.627 r  u_array/acc_reg[3][3][20]_i_1/O[2]
                         net (fo=1, routed)           0.000    14.627    u_array/acc_reg[3][3][20]_i_1_n_5
    SLICE_X13Y14         FDRE                                         r  u_array/acc_reg[3][3][22]/D
  -------------------------------------------------------------------    -------------------

                         (clock sys_clk rise edge)   10.000    10.000 r  
    W5                                                0.000    10.000 r  clk (IN)
                         net (fo=0)                   0.000    10.000    clk
    W5                                                                r  clk_IBUF_inst/I
    W5                   IBUF (Prop_ibuf_I_O)         1.388    11.388 r  clk_IBUF_inst/O
                         net (fo=1, routed)           1.862    13.250    clk_IBUF
    BUFGCTRL_X0Y0                                                     r  clk_IBUF_BUFG_inst/I
    BUFGCTRL_X0Y0        BUFG (Prop_bufg_I_O)         0.091    13.341 r  clk_IBUF_BUFG_inst/O
                         net (fo=1258, routed)        1.445    14.786    u_array/clk_IBUF_BUFG
    SLICE_X13Y14         FDRE                                         r  u_array/acc_reg[3][3][22]/C
                         clock pessimism              0.188    14.974    
                         clock uncertainty           -0.161    14.813    
    SLICE_X13Y14         FDRE (Setup_fdre_C_D)        0.062    14.875    u_array/acc_reg[3][3][22]
  -------------------------------------------------------------------
                         required time                         14.875    
                         arrival time                         -14.627    
  -------------------------------------------------------------------
                         slack                                  0.248    

Slack (MET) :             0.254ns  (required time - arrival time)
  Source:                 u_array/kr2b_reg[1]/C
                            (rising edge-triggered cell FDRE clocked by sys_clk  {rise@0.000ns fall@5.000ns period=10.000ns})
  Destination:            u_array/acc_reg[2][1][21]/D
                            (rising edge-triggered cell FDRE clocked by sys_clk  {rise@0.000ns fall@5.000ns period=10.000ns})
  Path Group:             sys_clk
  Path Type:              Setup (Max at Slow Process Corner)
  Requirement:            10.000ns  (sys_clk rise@10.000ns - sys_clk rise@0.000ns)
  Data Path Delay:        9.582ns  (logic 4.601ns (48.018%)  route 4.981ns (51.982%))
  Logic Levels:           13  (CARRY4=7 LUT2=2 LUT3=1 LUT4=1 LUT6=2)
  Clock Path Skew:        -0.112ns (DCD - SCD + CPR)
    Destination Clock Delay (DCD):    4.780ns = ( 14.780 - 10.000 ) 
    Source Clock Delay      (SCD):    5.080ns
    Clock Pessimism Removal (CPR):    0.188ns
  Clock Uncertainty:      0.161ns  ((TSJ^2 + TIJ^2)^1/2 + DJ) / 2 + PE + UU
    Total System Jitter     (TSJ):    0.071ns
    Total Input Jitter      (TIJ):    0.100ns
    Discrete Jitter          (DJ):    0.000ns
    Phase Error              (PE):    0.000ns
    User Uncertainty         (UU):    0.100ns

    Location             Delay type                Incr(ns)  Path(ns)    Netlist Resource(s)
  -------------------------------------------------------------------    -------------------
                         (clock sys_clk rise edge)    0.000     0.000 r  
    W5                                                0.000     0.000 r  clk (IN)
                         net (fo=0)                   0.000     0.000    clk
    W5                                                                r  clk_IBUF_inst/I
    W5                   IBUF (Prop_ibuf_I_O)         1.458     1.458 r  clk_IBUF_inst/O
                         net (fo=1, routed)           1.967     3.425    clk_IBUF
    BUFGCTRL_X0Y0                                                     r  clk_IBUF_BUFG_inst/I
    BUFGCTRL_X0Y0        BUFG (Prop_bufg_I_O)         0.096     3.521 r  clk_IBUF_BUFG_inst/O
                         net (fo=1258, routed)        1.559     5.080    u_array/clk_IBUF_BUFG
    SLICE_X41Y15         FDRE                                         r  u_array/kr2b_reg[1]/C
  -------------------------------------------------------------------    -------------------
    SLICE_X41Y15         FDRE (Prop_fdre_C_Q)         0.456     5.536 r  u_array/kr2b_reg[1]/Q
                         net (fo=33, routed)          1.103     6.639    u_array/kr2b[1]
    SLICE_X42Y12                                                      r  u_array/acc[2][1][0]_i_16/I3
    SLICE_X42Y12         LUT6 (Prop_lut6_I3_O)        0.124     6.763 f  u_array/acc[2][1][0]_i_16/O
                         net (fo=16, routed)          1.130     7.894    u_array/acc[2][1][0]_i_16_n_0
    SLICE_X36Y7                                                       f  u_array/acc[2][1][4]_i_44/I1
    SLICE_X36Y7          LUT2 (Prop_lut2_I1_O)        0.152     8.046 r  u_array/acc[2][1][4]_i_44/O
                         net (fo=1, routed)           0.452     8.498    u_array/acc[2][1][4]_i_44_n_0
    SLICE_X36Y9                                                       r  u_array/acc[2][1][4]_i_32/I3
    SLICE_X36Y9          LUT6 (Prop_lut6_I3_O)        0.332     8.830 r  u_array/acc[2][1][4]_i_32/O
                         net (fo=1, routed)           0.000     8.830    u_array/acc[2][1][4]_i_32_n_0
    SLICE_X36Y9                                                       r  u_array/acc_reg[2][1][4]_i_16/S[0]
    SLICE_X36Y9          CARRY4 (Prop_carry4_S[0]_CO[3])
                                                      0.532     9.362 r  u_array/acc_reg[2][1][4]_i_16/CO[3]
                         net (fo=1, routed)           0.000     9.362    u_array/acc_reg[2][1][4]_i_16_n_0
    SLICE_X36Y10                                                      r  u_array/acc_reg[2][1][8]_i_16/CI
    SLICE_X36Y10         CARRY4 (Prop_carry4_CI_O[1])
                                                      0.334     9.696 r  u_array/acc_reg[2][1][8]_i_16/O[1]
                         net (fo=2, routed)           0.806    10.501    u_array/acc_reg[2][1][8]_i_16_n_6
    SLICE_X40Y10                                                      r  u_array/acc[2][1][8]_i_8/I2
    SLICE_X40Y10         LUT3 (Prop_lut3_I2_O)        0.331    10.832 r  u_array/acc[2][1][8]_i_8/O
                         net (fo=2, routed)           0.872    11.704    u_array/acc[2][1][8]_i_8_n_0
    SLICE_X40Y10                                                      r  u_array/acc[2][1][8]_i_12/I0
    SLICE_X40Y10         LUT4 (Prop_lut4_I0_O)        0.332    12.036 r  u_array/acc[2][1][8]_i_12/O
                         net (fo=1, routed)           0.000    12.036    u_array/acc[2][1][8]_i_12_n_0
    SLICE_X40Y10                                                      r  u_array/acc_reg[2][1][8]_i_2/S[2]
    SLICE_X40Y10         CARRY4 (Prop_carry4_S[2]_CO[3])
                                                      0.398    12.434 r  u_array/acc_reg[2][1][8]_i_2/CO[3]
                         net (fo=1, routed)           0.000    12.434    u_array/acc_reg[2][1][8]_i_2_n_0
    SLICE_X40Y11                                                      r  u_array/acc_reg[2][1][12]_i_2/CI
    SLICE_X40Y11         CARRY4 (Prop_carry4_CI_O[1])
                                                      0.334    12.768 r  u_array/acc_reg[2][1][12]_i_2/O[1]
                         net (fo=2, routed)           0.618    13.386    u_array/e21[13]
    SLICE_X34Y11                                                      r  u_array/acc[2][1][12]_i_5/I0
    SLICE_X34Y11         LUT2 (Prop_lut2_I0_O)        0.303    13.689 r  u_array/acc[2][1][12]_i_5/O
                         net (fo=1, routed)           0.000    13.689    u_array/acc[2][1][12]_i_5_n_0
    SLICE_X34Y11                                                      r  u_array/acc_reg[2][1][12]_i_1/S[1]
    SLICE_X34Y11         CARRY4 (Prop_carry4_S[1]_CO[3])
                                                      0.533    14.222 r  u_array/acc_reg[2][1][12]_i_1/CO[3]
                         net (fo=1, routed)           0.000    14.222    u_array/acc_reg[2][1][12]_i_1_n_0
    SLICE_X34Y12                                                      r  u_array/acc_reg[2][1][16]_i_1/CI
    SLICE_X34Y12         CARRY4 (Prop_carry4_CI_CO[3])
                                                      0.117    14.339 r  u_array/acc_reg[2][1][16]_i_1/CO[3]
                         net (fo=1, routed)           0.000    14.339    u_array/acc_reg[2][1][16]_i_1_n_0
    SLICE_X34Y13                                                      r  u_array/acc_reg[2][1][20]_i_1/CI
    SLICE_X34Y13         CARRY4 (Prop_carry4_CI_O[1])
                                                      0.323    14.662 r  u_array/acc_reg[2][1][20]_i_1/O[1]
                         net (fo=1, routed)           0.000    14.662    u_array/acc_reg[2][1][20]_i_1_n_6
    SLICE_X34Y13         FDRE                                         r  u_array/acc_reg[2][1][21]/D
  -------------------------------------------------------------------    -------------------

                         (clock sys_clk rise edge)   10.000    10.000 r  
    W5                                                0.000    10.000 r  clk (IN)
                         net (fo=0)                   0.000    10.000    clk
    W5                                                                r  clk_IBUF_inst/I
    W5                   IBUF (Prop_ibuf_I_O)         1.388    11.388 r  clk_IBUF_inst/O
                         net (fo=1, routed)           1.862    13.250    clk_IBUF
    BUFGCTRL_X0Y0                                                     r  clk_IBUF_BUFG_inst/I
    BUFGCTRL_X0Y0        BUFG (Prop_bufg_I_O)         0.091    13.341 r  clk_IBUF_BUFG_inst/O
                         net (fo=1258, routed)        1.439    14.780    u_array/clk_IBUF_BUFG
    SLICE_X34Y13         FDRE                                         r  u_array/acc_reg[2][1][21]/C
                         clock pessimism              0.188    14.968    
                         clock uncertainty           -0.161    14.807    
    SLICE_X34Y13         FDRE (Setup_fdre_C_D)        0.109    14.916    u_array/acc_reg[2][1][21]
  -------------------------------------------------------------------
                         required time                         14.916    
                         arrival time                         -14.662    
  -------------------------------------------------------------------
                         slack                                  0.254    

Slack (MET) :             0.262ns  (required time - arrival time)
  Source:                 u_array/kr2b_reg[1]/C
                            (rising edge-triggered cell FDRE clocked by sys_clk  {rise@0.000ns fall@5.000ns period=10.000ns})
  Destination:            u_array/acc_reg[2][1][23]/D
                            (rising edge-triggered cell FDRE clocked by sys_clk  {rise@0.000ns fall@5.000ns period=10.000ns})
  Path Group:             sys_clk
  Path Type:              Setup (Max at Slow Process Corner)
  Requirement:            10.000ns  (sys_clk rise@10.000ns - sys_clk rise@0.000ns)
  Data Path Delay:        9.574ns  (logic 4.593ns (47.975%)  route 4.981ns (52.025%))
  Logic Levels:           13  (CARRY4=7 LUT2=2 LUT3=1 LUT4=1 LUT6=2)
  Clock Path Skew:        -0.112ns (DCD - SCD + CPR)
    Destination Clock Delay (DCD):    4.780ns = ( 14.780 - 10.000 ) 
    Source Clock Delay      (SCD):    5.080ns
    Clock Pessimism Removal (CPR):    0.188ns
  Clock Uncertainty:      0.161ns  ((TSJ^2 + TIJ^2)^1/2 + DJ) / 2 + PE + UU
    Total System Jitter     (TSJ):    0.071ns
    Total Input Jitter      (TIJ):    0.100ns
    Discrete Jitter          (DJ):    0.000ns
    Phase Error              (PE):    0.000ns
    User Uncertainty         (UU):    0.100ns

    Location             Delay type                Incr(ns)  Path(ns)    Netlist Resource(s)
  -------------------------------------------------------------------    -------------------
                         (clock sys_clk rise edge)    0.000     0.000 r  
    W5                                                0.000     0.000 r  clk (IN)
                         net (fo=0)                   0.000     0.000    clk
    W5                                                                r  clk_IBUF_inst/I
    W5                   IBUF (Prop_ibuf_I_O)         1.458     1.458 r  clk_IBUF_inst/O
                         net (fo=1, routed)           1.967     3.425    clk_IBUF
    BUFGCTRL_X0Y0                                                     r  clk_IBUF_BUFG_inst/I
    BUFGCTRL_X0Y0        BUFG (Prop_bufg_I_O)         0.096     3.521 r  clk_IBUF_BUFG_inst/O
                         net (fo=1258, routed)        1.559     5.080    u_array/clk_IBUF_BUFG
    SLICE_X41Y15         FDRE                                         r  u_array/kr2b_reg[1]/C
  -------------------------------------------------------------------    -------------------
    SLICE_X41Y15         FDRE (Prop_fdre_C_Q)         0.456     5.536 r  u_array/kr2b_reg[1]/Q
                         net (fo=33, routed)          1.103     6.639    u_array/kr2b[1]
    SLICE_X42Y12                                                      r  u_array/acc[2][1][0]_i_16/I3
    SLICE_X42Y12         LUT6 (Prop_lut6_I3_O)        0.124     6.763 f  u_array/acc[2][1][0]_i_16/O
                         net (fo=16, routed)          1.130     7.894    u_array/acc[2][1][0]_i_16_n_0
    SLICE_X36Y7                                                       f  u_array/acc[2][1][4]_i_44/I1
    SLICE_X36Y7          LUT2 (Prop_lut2_I1_O)        0.152     8.046 r  u_array/acc[2][1][4]_i_44/O
                         net (fo=1, routed)           0.452     8.498    u_array/acc[2][1][4]_i_44_n_0
    SLICE_X36Y9                                                       r  u_array/acc[2][1][4]_i_32/I3
    SLICE_X36Y9          LUT6 (Prop_lut6_I3_O)        0.332     8.830 r  u_array/acc[2][1][4]_i_32/O
                         net (fo=1, routed)           0.000     8.830    u_array/acc[2][1][4]_i_32_n_0
    SLICE_X36Y9                                                       r  u_array/acc_reg[2][1][4]_i_16/S[0]
    SLICE_X36Y9          CARRY4 (Prop_carry4_S[0]_CO[3])
                                                      0.532     9.362 r  u_array/acc_reg[2][1][4]_i_16/CO[3]
                         net (fo=1, routed)           0.000     9.362    u_array/acc_reg[2][1][4]_i_16_n_0
    SLICE_X36Y10                                                      r  u_array/acc_reg[2][1][8]_i_16/CI
    SLICE_X36Y10         CARRY4 (Prop_carry4_CI_O[1])
                                                      0.334     9.696 r  u_array/acc_reg[2][1][8]_i_16/O[1]
                         net (fo=2, routed)           0.806    10.501    u_array/acc_reg[2][1][8]_i_16_n_6
    SLICE_X40Y10                                                      r  u_array/acc[2][1][8]_i_8/I2
    SLICE_X40Y10         LUT3 (Prop_lut3_I2_O)        0.331    10.832 r  u_array/acc[2][1][8]_i_8/O
                         net (fo=2, routed)           0.872    11.704    u_array/acc[2][1][8]_i_8_n_0
    SLICE_X40Y10                                                      r  u_array/acc[2][1][8]_i_12/I0
    SLICE_X40Y10         LUT4 (Prop_lut4_I0_O)        0.332    12.036 r  u_array/acc[2][1][8]_i_12/O
                         net (fo=1, routed)           0.000    12.036    u_array/acc[2][1][8]_i_12_n_0
    SLICE_X40Y10                                                      r  u_array/acc_reg[2][1][8]_i_2/S[2]
    SLICE_X40Y10         CARRY4 (Prop_carry4_S[2]_CO[3])
                                                      0.398    12.434 r  u_array/acc_reg[2][1][8]_i_2/CO[3]
                         net (fo=1, routed)           0.000    12.434    u_array/acc_reg[2][1][8]_i_2_n_0
    SLICE_X40Y11                                                      r  u_array/acc_reg[2][1][12]_i_2/CI
    SLICE_X40Y11         CARRY4 (Prop_carry4_CI_O[1])
                                                      0.334    12.768 r  u_array/acc_reg[2][1][12]_i_2/O[1]
                         net (fo=2, routed)           0.618    13.386    u_array/e21[13]
    SLICE_X34Y11                                                      r  u_array/acc[2][1][12]_i_5/I0
    SLICE_X34Y11         LUT2 (Prop_lut2_I0_O)        0.303    13.689 r  u_array/acc[2][1][12]_i_5/O
                         net (fo=1, routed)           0.000    13.689    u_array/acc[2][1][12]_i_5_n_0
    SLICE_X34Y11                                                      r  u_array/acc_reg[2][1][12]_i_1/S[1]
    SLICE_X34Y11         CARRY4 (Prop_carry4_S[1]_CO[3])
                                                      0.533    14.222 r  u_array/acc_reg[2][1][12]_i_1/CO[3]
                         net (fo=1, routed)           0.000    14.222    u_array/acc_reg[2][1][12]_i_1_n_0
    SLICE_X34Y12                                                      r  u_array/acc_reg[2][1][16]_i_1/CI
    SLICE_X34Y12         CARRY4 (Prop_carry4_CI_CO[3])
                                                      0.117    14.339 r  u_array/acc_reg[2][1][16]_i_1/CO[3]
                         net (fo=1, routed)           0.000    14.339    u_array/acc_reg[2][1][16]_i_1_n_0
    SLICE_X34Y13                                                      r  u_array/acc_reg[2][1][20]_i_1/CI
    SLICE_X34Y13         CARRY4 (Prop_carry4_CI_O[3])
                                                      0.315    14.654 r  u_array/acc_reg[2][1][20]_i_1/O[3]
                         net (fo=1, routed)           0.000    14.654    u_array/acc_reg[2][1][20]_i_1_n_4
    SLICE_X34Y13         FDRE                                         r  u_array/acc_reg[2][1][23]/D
  -------------------------------------------------------------------    -------------------

                         (clock sys_clk rise edge)   10.000    10.000 r  
    W5                                                0.000    10.000 r  clk (IN)
                         net (fo=0)                   0.000    10.000    clk
    W5                                                                r  clk_IBUF_inst/I
    W5                   IBUF (Prop_ibuf_I_O)         1.388    11.388 r  clk_IBUF_inst/O
                         net (fo=1, routed)           1.862    13.250    clk_IBUF
    BUFGCTRL_X0Y0                                                     r  clk_IBUF_BUFG_inst/I
    BUFGCTRL_X0Y0        BUFG (Prop_bufg_I_O)         0.091    13.341 r  clk_IBUF_BUFG_inst/O
                         net (fo=1258, routed)        1.439    14.780    u_array/clk_IBUF_BUFG
    SLICE_X34Y13         FDRE                                         r  u_array/acc_reg[2][1][23]/C
                         clock pessimism              0.188    14.968    
                         clock uncertainty           -0.161    14.807    
    SLICE_X34Y13         FDRE (Setup_fdre_C_D)        0.109    14.916    u_array/acc_reg[2][1][23]
  -------------------------------------------------------------------
                         required time                         14.916    
                         arrival time                         -14.654    
  -------------------------------------------------------------------
                         slack                                  0.262    

Slack (MET) :             0.264ns  (required time - arrival time)
  Source:                 u_array/kr3c_reg[1]/C
                            (rising edge-triggered cell FDRE clocked by sys_clk  {rise@0.000ns fall@5.000ns period=10.000ns})
  Destination:            u_array/acc_reg[3][3][20]/D
                            (rising edge-triggered cell FDRE clocked by sys_clk  {rise@0.000ns fall@5.000ns period=10.000ns})
  Path Group:             sys_clk
  Path Type:              Setup (Max at Slow Process Corner)
  Requirement:            10.000ns  (sys_clk rise@10.000ns - sys_clk rise@0.000ns)
  Data Path Delay:        9.531ns  (logic 4.116ns (43.186%)  route 5.415ns (56.814%))
  Logic Levels:           13  (CARRY4=8 LUT2=1 LUT3=1 LUT4=1 LUT6=2)
  Clock Path Skew:        -0.106ns (DCD - SCD + CPR)
    Destination Clock Delay (DCD):    4.786ns = ( 14.786 - 10.000 ) 
    Source Clock Delay      (SCD):    5.080ns
    Clock Pessimism Removal (CPR):    0.188ns
  Clock Uncertainty:      0.161ns  ((TSJ^2 + TIJ^2)^1/2 + DJ) / 2 + PE + UU
    Total System Jitter     (TSJ):    0.071ns
    Total Input Jitter      (TIJ):    0.100ns
    Discrete Jitter          (DJ):    0.000ns
    Phase Error              (PE):    0.000ns
    User Uncertainty         (UU):    0.100ns

    Location             Delay type                Incr(ns)  Path(ns)    Netlist Resource(s)
  -------------------------------------------------------------------    -------------------
                         (clock sys_clk rise edge)    0.000     0.000 r  
    W5                                                0.000     0.000 r  clk (IN)
                         net (fo=0)                   0.000     0.000    clk
    W5                                                                r  clk_IBUF_inst/I
    W5                   IBUF (Prop_ibuf_I_O)         1.458     1.458 r  clk_IBUF_inst/O
                         net (fo=1, routed)           1.967     3.425    clk_IBUF
    BUFGCTRL_X0Y0                                                     r  clk_IBUF_BUFG_inst/I
    BUFGCTRL_X0Y0        BUFG (Prop_bufg_I_O)         0.096     3.521 r  clk_IBUF_BUFG_inst/O
                         net (fo=1258, routed)        1.559     5.080    u_array/clk_IBUF_BUFG
    SLICE_X41Y15         FDRE                                         r  u_array/kr3c_reg[1]/C
  -------------------------------------------------------------------    -------------------
    SLICE_X41Y15         FDRE (Prop_fdre_C_Q)         0.456     5.536 r  u_array/kr3c_reg[1]/Q
                         net (fo=32, routed)          1.276     6.812    u_array/kr3c[1]
    SLICE_X42Y11                                                      r  u_array/acc[3][3][0]_i_15/I3
    SLICE_X42Y11         LUT6 (Prop_lut6_I3_O)        0.124     6.936 r  u_array/acc[3][3][0]_i_15/O
                         net (fo=17, routed)          1.405     8.341    u_array/B[1]
    SLICE_X15Y8                                                       r  u_array/acc[3][3][0]_i_7/I0
    SLICE_X15Y8          LUT6 (Prop_lut6_I0_O)        0.124     8.465 r  u_array/acc[3][3][0]_i_7/O
                         net (fo=1, routed)           0.610     9.075    u_array/acc[3][3][0]_i_7_n_0
    SLICE_X14Y8                                                       r  u_array/acc_reg[3][3][0]_i_2/DI[3]
    SLICE_X14Y8          CARRY4 (Prop_carry4_DI[3]_CO[3])
                                                      0.396     9.471 r  u_array/acc_reg[3][3][0]_i_2/CO[3]
                         net (fo=1, routed)           0.000     9.471    u_array/acc_reg[3][3][0]_i_2_n_0
    SLICE_X14Y9                                                       r  u_array/acc_reg[3][3][4]_i_16/CI
    SLICE_X14Y9          CARRY4 (Prop_carry4_CI_CO[3])
                                                      0.117     9.588 r  u_array/acc_reg[3][3][4]_i_16/CO[3]
                         net (fo=1, routed)           0.000     9.588    u_array/acc_reg[3][3][4]_i_16_n_0
    SLICE_X14Y10                                                      r  u_array/acc_reg[3][3][8]_i_16/CI
    SLICE_X14Y10         CARRY4 (Prop_carry4_CI_O[1])
                                                      0.323     9.911 r  u_array/acc_reg[3][3][8]_i_16/O[1]
                         net (fo=2, routed)           0.735    10.646    u_array/acc_reg[3][3][8]_i_16_n_6
    SLICE_X14Y12                                                      r  u_array/acc[3][3][8]_i_8/I2
    SLICE_X14Y12         LUT3 (Prop_lut3_I2_O)        0.332    10.978 r  u_array/acc[3][3][8]_i_8/O
                         net (fo=2, routed)           0.886    11.864    u_array/acc[3][3][8]_i_8_n_0
    SLICE_X14Y12                                                      r  u_array/acc[3][3][8]_i_12/I0
    SLICE_X14Y12         LUT4 (Prop_lut4_I0_O)        0.348    12.212 r  u_array/acc[3][3][8]_i_12/O
                         net (fo=1, routed)           0.000    12.212    u_array/acc[3][3][8]_i_12_n_0
    SLICE_X14Y12                                                      r  u_array/acc_reg[3][3][8]_i_2/S[2]
    SLICE_X14Y12         CARRY4 (Prop_carry4_S[2]_CO[3])
                                                      0.380    12.592 r  u_array/acc_reg[3][3][8]_i_2/CO[3]
                         net (fo=1, routed)           0.000    12.592    u_array/acc_reg[3][3][8]_i_2_n_0
    SLICE_X14Y13                                                      r  u_array/acc_reg[3][3][12]_i_2/CI
    SLICE_X14Y13         CARRY4 (Prop_carry4_CI_O[1])
                                                      0.323    12.915 r  u_array/acc_reg[3][3][12]_i_2/O[1]
                         net (fo=2, routed)           0.503    13.418    u_array/e33[13]
    SLICE_X13Y12                                                      r  u_array/acc[3][3][12]_i_5/I0
    SLICE_X13Y12         LUT2 (Prop_lut2_I0_O)        0.306    13.724 r  u_array/acc[3][3][12]_i_5/O
                         net (fo=1, routed)           0.000    13.724    u_array/acc[3][3][12]_i_5_n_0
    SLICE_X13Y12                                                      r  u_array/acc_reg[3][3][12]_i_1/S[1]
    SLICE_X13Y12         CARRY4 (Prop_carry4_S[1]_CO[3])
                                                      0.550    14.274 r  u_array/acc_reg[3][3][12]_i_1/CO[3]
                         net (fo=1, routed)           0.000    14.274    u_array/acc_reg[3][3][12]_i_1_n_0
    SLICE_X13Y13                                                      r  u_array/acc_reg[3][3][16]_i_1/CI
    SLICE_X13Y13         CARRY4 (Prop_carry4_CI_CO[3])
                                                      0.114    14.388 r  u_array/acc_reg[3][3][16]_i_1/CO[3]
                         net (fo=1, routed)           0.000    14.388    u_array/acc_reg[3][3][16]_i_1_n_0
    SLICE_X13Y14                                                      r  u_array/acc_reg[3][3][20]_i_1/CI
    SLICE_X13Y14         CARRY4 (Prop_carry4_CI_O[0])
                                                      0.223    14.611 r  u_array/acc_reg[3][3][20]_i_1/O[0]
                         net (fo=1, routed)           0.000    14.611    u_array/acc_reg[3][3][20]_i_1_n_7
    SLICE_X13Y14         FDRE                                         r  u_array/acc_reg[3][3][20]/D
  -------------------------------------------------------------------    -------------------

                         (clock sys_clk rise edge)   10.000    10.000 r  
    W5                                                0.000    10.000 r  clk (IN)
                         net (fo=0)                   0.000    10.000    clk
    W5                                                                r  clk_IBUF_inst/I
    W5                   IBUF (Prop_ibuf_I_O)         1.388    11.388 r  clk_IBUF_inst/O
                         net (fo=1, routed)           1.862    13.250    clk_IBUF
    BUFGCTRL_X0Y0                                                     r  clk_IBUF_BUFG_inst/I
    BUFGCTRL_X0Y0        BUFG (Prop_bufg_I_O)         0.091    13.341 r  clk_IBUF_BUFG_inst/O
                         net (fo=1258, routed)        1.445    14.786    u_array/clk_IBUF_BUFG
    SLICE_X13Y14         FDRE                                         r  u_array/acc_reg[3][3][20]/C
                         clock pessimism              0.188    14.974    
                         clock uncertainty           -0.161    14.813    
    SLICE_X13Y14         FDRE (Setup_fdre_C_D)        0.062    14.875    u_array/acc_reg[3][3][20]
  -------------------------------------------------------------------
                         required time                         14.875    
                         arrival time                         -14.611    
  -------------------------------------------------------------------
                         slack                                  0.264    

Slack (MET) :             0.267ns  (required time - arrival time)
  Source:                 u_array/kr3c_reg[1]/C
                            (rising edge-triggered cell FDRE clocked by sys_clk  {rise@0.000ns fall@5.000ns period=10.000ns})
  Destination:            u_array/acc_reg[3][3][17]/D
                            (rising edge-triggered cell FDRE clocked by sys_clk  {rise@0.000ns fall@5.000ns period=10.000ns})
  Path Group:             sys_clk
  Path Type:              Setup (Max at Slow Process Corner)
  Requirement:            10.000ns  (sys_clk rise@10.000ns - sys_clk rise@0.000ns)
  Data Path Delay:        9.528ns  (logic 4.113ns (43.168%)  route 5.415ns (56.832%))
  Logic Levels:           12  (CARRY4=7 LUT2=1 LUT3=1 LUT4=1 LUT6=2)
  Clock Path Skew:        -0.106ns (DCD - SCD + CPR)
    Destination Clock Delay (DCD):    4.786ns = ( 14.786 - 10.000 ) 
    Source Clock Delay      (SCD):    5.080ns
    Clock Pessimism Removal (CPR):    0.188ns
  Clock Uncertainty:      0.161ns  ((TSJ^2 + TIJ^2)^1/2 + DJ) / 2 + PE + UU
    Total System Jitter     (TSJ):    0.071ns
    Total Input Jitter      (TIJ):    0.100ns
    Discrete Jitter          (DJ):    0.000ns
    Phase Error              (PE):    0.000ns
    User Uncertainty         (UU):    0.100ns

    Location             Delay type                Incr(ns)  Path(ns)    Netlist Resource(s)
  -------------------------------------------------------------------    -------------------
                         (clock sys_clk rise edge)    0.000     0.000 r  
    W5                                                0.000     0.000 r  clk (IN)
                         net (fo=0)                   0.000     0.000    clk
    W5                                                                r  clk_IBUF_inst/I
    W5                   IBUF (Prop_ibuf_I_O)         1.458     1.458 r  clk_IBUF_inst/O
                         net (fo=1, routed)           1.967     3.425    clk_IBUF
    BUFGCTRL_X0Y0                                                     r  clk_IBUF_BUFG_inst/I
    BUFGCTRL_X0Y0        BUFG (Prop_bufg_I_O)         0.096     3.521 r  clk_IBUF_BUFG_inst/O
                         net (fo=1258, routed)        1.559     5.080    u_array/clk_IBUF_BUFG
    SLICE_X41Y15         FDRE                                         r  u_array/kr3c_reg[1]/C
  -------------------------------------------------------------------    -------------------
    SLICE_X41Y15         FDRE (Prop_fdre_C_Q)         0.456     5.536 r  u_array/kr3c_reg[1]/Q
                         net (fo=32, routed)          1.276     6.812    u_array/kr3c[1]
    SLICE_X42Y11                                                      r  u_array/acc[3][3][0]_i_15/I3
    SLICE_X42Y11         LUT6 (Prop_lut6_I3_O)        0.124     6.936 r  u_array/acc[3][3][0]_i_15/O
                         net (fo=17, routed)          1.405     8.341    u_array/B[1]
    SLICE_X15Y8                                                       r  u_array/acc[3][3][0]_i_7/I0
    SLICE_X15Y8          LUT6 (Prop_lut6_I0_O)        0.124     8.465 r  u_array/acc[3][3][0]_i_7/O
                         net (fo=1, routed)           0.610     9.075    u_array/acc[3][3][0]_i_7_n_0
    SLICE_X14Y8                                                       r  u_array/acc_reg[3][3][0]_i_2/DI[3]
    SLICE_X14Y8          CARRY4 (Prop_carry4_DI[3]_CO[3])
                                                      0.396     9.471 r  u_array/acc_reg[3][3][0]_i_2/CO[3]
                         net (fo=1, routed)           0.000     9.471    u_array/acc_reg[3][3][0]_i_2_n_0
    SLICE_X14Y9                                                       r  u_array/acc_reg[3][3][4]_i_16/CI
    SLICE_X14Y9          CARRY4 (Prop_carry4_CI_CO[3])
                                                      0.117     9.588 r  u_array/acc_reg[3][3][4]_i_16/CO[3]
                         net (fo=1, routed)           0.000     9.588    u_array/acc_reg[3][3][4]_i_16_n_0
    SLICE_X14Y10                                                      r  u_array/acc_reg[3][3][8]_i_16/CI
    SLICE_X14Y10         CARRY4 (Prop_carry4_CI_O[1])
                                                      0.323     9.911 r  u_array/acc_reg[3][3][8]_i_16/O[1]
                         net (fo=2, routed)           0.735    10.646    u_array/acc_reg[3][3][8]_i_16_n_6
    SLICE_X14Y12                                                      r  u_array/acc[3][3][8]_i_8/I2
    SLICE_X14Y12         LUT3 (Prop_lut3_I2_O)        0.332    10.978 r  u_array/acc[3][3][8]_i_8/O
                         net (fo=2, routed)           0.886    11.864    u_array/acc[3][3][8]_i_8_n_0
    SLICE_X14Y12                                                      r  u_array/acc[3][3][8]_i_12/I0
    SLICE_X14Y12         LUT4 (Prop_lut4_I0_O)        0.348    12.212 r  u_array/acc[3][3][8]_i_12/O
                         net (fo=1, routed)           0.000    12.212    u_array/acc[3][3][8]_i_12_n_0
    SLICE_X14Y12                                                      r  u_array/acc_reg[3][3][8]_i_2/S[2]
    SLICE_X14Y12         CARRY4 (Prop_carry4_S[2]_CO[3])
                                                      0.380    12.592 r  u_array/acc_reg[3][3][8]_i_2/CO[3]
                         net (fo=1, routed)           0.000    12.592    u_array/acc_reg[3][3][8]_i_2_n_0
    SLICE_X14Y13                                                      r  u_array/acc_reg[3][3][12]_i_2/CI
    SLICE_X14Y13         CARRY4 (Prop_carry4_CI_O[1])
                                                      0.323    12.915 r  u_array/acc_reg[3][3][12]_i_2/O[1]
                         net (fo=2, routed)           0.503    13.418    u_array/e33[13]
    SLICE_X13Y12                                                      r  u_array/acc[3][3][12]_i_5/I0
    SLICE_X13Y12         LUT2 (Prop_lut2_I0_O)        0.306    13.724 r  u_array/acc[3][3][12]_i_5/O
                         net (fo=1, routed)           0.000    13.724    u_array/acc[3][3][12]_i_5_n_0
    SLICE_X13Y12                                                      r  u_array/acc_reg[3][3][12]_i_1/S[1]
    SLICE_X13Y12         CARRY4 (Prop_carry4_S[1]_CO[3])
                                                      0.550    14.274 r  u_array/acc_reg[3][3][12]_i_1/CO[3]
                         net (fo=1, routed)           0.000    14.274    u_array/acc_reg[3][3][12]_i_1_n_0
    SLICE_X13Y13                                                      r  u_array/acc_reg[3][3][16]_i_1/CI
    SLICE_X13Y13         CARRY4 (Prop_carry4_CI_O[1])
                                                      0.334    14.608 r  u_array/acc_reg[3][3][16]_i_1/O[1]
                         net (fo=1, routed)           0.000    14.608    u_array/acc_reg[3][3][16]_i_1_n_6
    SLICE_X13Y13         FDRE                                         r  u_array/acc_reg[3][3][17]/D
  -------------------------------------------------------------------    -------------------

                         (clock sys_clk rise edge)   10.000    10.000 r  
    W5                                                0.000    10.000 r  clk (IN)
                         net (fo=0)                   0.000    10.000    clk
    W5                                                                r  clk_IBUF_inst/I
    W5                   IBUF (Prop_ibuf_I_O)         1.388    11.388 r  clk_IBUF_inst/O
                         net (fo=1, routed)           1.862    13.250    clk_IBUF
    BUFGCTRL_X0Y0                                                     r  clk_IBUF_BUFG_inst/I
    BUFGCTRL_X0Y0        BUFG (Prop_bufg_I_O)         0.091    13.341 r  clk_IBUF_BUFG_inst/O
                         net (fo=1258, routed)        1.445    14.786    u_array/clk_IBUF_BUFG
    SLICE_X13Y13         FDRE                                         r  u_array/acc_reg[3][3][17]/C
                         clock pessimism              0.188    14.974    
                         clock uncertainty           -0.161    14.813    
    SLICE_X13Y13         FDRE (Setup_fdre_C_D)        0.062    14.875    u_array/acc_reg[3][3][17]
  -------------------------------------------------------------------
                         required time                         14.875    
                         arrival time                         -14.608    
  -------------------------------------------------------------------
                         slack                                  0.267    

Slack (MET) :             0.269ns  (required time - arrival time)
  Source:                 u_array/kr3c_reg[1]/C
                            (rising edge-triggered cell FDRE clocked by sys_clk  {rise@0.000ns fall@5.000ns period=10.000ns})
  Destination:            u_array/acc_reg[3][1][21]/D
                            (rising edge-triggered cell FDRE clocked by sys_clk  {rise@0.000ns fall@5.000ns period=10.000ns})
  Path Group:             sys_clk
  Path Type:              Setup (Max at Slow Process Corner)
  Requirement:            10.000ns  (sys_clk rise@10.000ns - sys_clk rise@0.000ns)
  Data Path Delay:        9.515ns  (logic 4.285ns (45.032%)  route 5.230ns (54.968%))
  Logic Levels:           12  (CARRY4=7 LUT2=1 LUT3=1 LUT4=1 LUT6=2)
  Clock Path Skew:        -0.116ns (DCD - SCD + CPR)
    Destination Clock Delay (DCD):    4.776ns = ( 14.776 - 10.000 ) 
    Source Clock Delay      (SCD):    5.080ns
    Clock Pessimism Removal (CPR):    0.188ns
  Clock Uncertainty:      0.161ns  ((TSJ^2 + TIJ^2)^1/2 + DJ) / 2 + PE + UU
    Total System Jitter     (TSJ):    0.071ns
    Total Input Jitter      (TIJ):    0.100ns
    Discrete Jitter          (DJ):    0.000ns
    Phase Error              (PE):    0.000ns
    User Uncertainty         (UU):    0.100ns

    Location             Delay type                Incr(ns)  Path(ns)    Netlist Resource(s)
  -------------------------------------------------------------------    -------------------
                         (clock sys_clk rise edge)    0.000     0.000 r  
    W5                                                0.000     0.000 r  clk (IN)
                         net (fo=0)                   0.000     0.000    clk
    W5                                                                r  clk_IBUF_inst/I
    W5                   IBUF (Prop_ibuf_I_O)         1.458     1.458 r  clk_IBUF_inst/O
                         net (fo=1, routed)           1.967     3.425    clk_IBUF
    BUFGCTRL_X0Y0                                                     r  clk_IBUF_BUFG_inst/I
    BUFGCTRL_X0Y0        BUFG (Prop_bufg_I_O)         0.096     3.521 r  clk_IBUF_BUFG_inst/O
                         net (fo=1258, routed)        1.559     5.080    u_array/clk_IBUF_BUFG
    SLICE_X41Y15         FDRE                                         r  u_array/kr3c_reg[1]/C
  -------------------------------------------------------------------    -------------------
    SLICE_X41Y15         FDRE (Prop_fdre_C_Q)         0.456     5.536 r  u_array/kr3c_reg[1]/Q
                         net (fo=32, routed)          1.292     6.828    u_array/kr3c[1]
    SLICE_X36Y11                                                      r  u_array/acc[3][1][0]_i_16/I3
    SLICE_X36Y11         LUT6 (Prop_lut6_I3_O)        0.124     6.952 f  u_array/acc[3][1][0]_i_16/O
                         net (fo=16, routed)          1.056     8.008    u_array/acc[3][1][0]_i_16_n_0
    SLICE_X31Y10                                                      f  u_array/acc[3][1][4]_i_42/I1
    SLICE_X31Y10         LUT2 (Prop_lut2_I1_O)        0.118     8.126 r  u_array/acc[3][1][4]_i_42/O
                         net (fo=1, routed)           0.622     8.748    u_array/acc[3][1][4]_i_42_n_0
    SLICE_X32Y10                                                      r  u_array/acc[3][1][4]_i_30/I3
    SLICE_X32Y10         LUT6 (Prop_lut6_I3_O)        0.326     9.074 r  u_array/acc[3][1][4]_i_30/O
                         net (fo=1, routed)           0.000     9.074    u_array/acc[3][1][4]_i_30_n_0
    SLICE_X32Y10                                                      r  u_array/acc_reg[3][1][4]_i_16/S[2]
    SLICE_X32Y10         CARRY4 (Prop_carry4_S[2]_CO[3])
                                                      0.398     9.472 r  u_array/acc_reg[3][1][4]_i_16/CO[3]
                         net (fo=1, routed)           0.000     9.472    u_array/acc_reg[3][1][4]_i_16_n_0
    SLICE_X32Y11                                                      r  u_array/acc_reg[3][1][8]_i_16/CI
    SLICE_X32Y11         CARRY4 (Prop_carry4_CI_O[1])
                                                      0.334     9.806 r  u_array/acc_reg[3][1][8]_i_16/O[1]
                         net (fo=2, routed)           0.640    10.446    u_array/acc_reg[3][1][8]_i_16_n_6
    SLICE_X31Y12                                                      r  u_array/acc[3][1][8]_i_8/I2
    SLICE_X31Y12         LUT3 (Prop_lut3_I2_O)        0.331    10.777 r  u_array/acc[3][1][8]_i_8/O
                         net (fo=2, routed)           0.860    11.637    u_array/acc[3][1][8]_i_8_n_0
    SLICE_X31Y12                                                      r  u_array/acc[3][1][8]_i_12/I0
    SLICE_X31Y12         LUT4 (Prop_lut4_I0_O)        0.332    11.969 r  u_array/acc[3][1][8]_i_12/O
                         net (fo=1, routed)           0.000    11.969    u_array/acc[3][1][8]_i_12_n_0
    SLICE_X31Y12                                                      r  u_array/acc_reg[3][1][8]_i_2/S[2]
    SLICE_X31Y12         CARRY4 (Prop_carry4_S[2]_CO[3])
                                                      0.398    12.367 r  u_array/acc_reg[3][1][8]_i_2/CO[3]
                         net (fo=1, routed)           0.000    12.367    u_array/acc_reg[3][1][8]_i_2_n_0
    SLICE_X31Y13                                                      r  u_array/acc_reg[3][1][12]_i_2/CI
    SLICE_X31Y13         CARRY4 (Prop_carry4_CI_O[1])
                                                      0.334    12.701 r  u_array/acc_reg[3][1][12]_i_2/O[1]
                         net (fo=2, routed)           0.760    13.462    u_array/e31[13]
    SLICE_X32Y16                                                      r  u_array/acc_reg[3][1][12]_i_1/DI[1]
    SLICE_X32Y16         CARRY4 (Prop_carry4_DI[1]_CO[3])
                                                      0.686    14.148 r  u_array/acc_reg[3][1][12]_i_1/CO[3]
                         net (fo=1, routed)           0.000    14.148    u_array/acc_reg[3][1][12]_i_1_n_0
    SLICE_X32Y17                                                      r  u_array/acc_reg[3][1][16]_i_1/CI
    SLICE_X32Y17         CARRY4 (Prop_carry4_CI_CO[3])
                                                      0.114    14.262 r  u_array/acc_reg[3][1][16]_i_1/CO[3]
                         net (fo=1, routed)           0.000    14.262    u_array/acc_reg[3][1][16]_i_1_n_0
    SLICE_X32Y18                                                      r  u_array/acc_reg[3][1][20]_i_1/CI
    SLICE_X32Y18         CARRY4 (Prop_carry4_CI_O[1])
                                                      0.334    14.596 r  u_array/acc_reg[3][1][20]_i_1/O[1]
                         net (fo=1, routed)           0.000    14.596    u_array/acc_reg[3][1][20]_i_1_n_6
    SLICE_X32Y18         FDRE                                         r  u_array/acc_reg[3][1][21]/D
  -------------------------------------------------------------------    -------------------

                         (clock sys_clk rise edge)   10.000    10.000 r  
    W5                                                0.000    10.000 r  clk (IN)
                         net (fo=0)                   0.000    10.000    clk
    W5                                                                r  clk_IBUF_inst/I
    W5                   IBUF (Prop_ibuf_I_O)         1.388    11.388 r  clk_IBUF_inst/O
                         net (fo=1, routed)           1.862    13.250    clk_IBUF
    BUFGCTRL_X0Y0                                                     r  clk_IBUF_BUFG_inst/I
    BUFGCTRL_X0Y0        BUFG (Prop_bufg_I_O)         0.091    13.341 r  clk_IBUF_BUFG_inst/O
                         net (fo=1258, routed)        1.435    14.776    u_array/clk_IBUF_BUFG
    SLICE_X32Y18         FDRE                                         r  u_array/acc_reg[3][1][21]/C
                         clock pessimism              0.188    14.964    
                         clock uncertainty           -0.161    14.803    
    SLICE_X32Y18         FDRE (Setup_fdre_C_D)        0.062    14.865    u_array/acc_reg[3][1][21]
  -------------------------------------------------------------------
                         required time                         14.865    
                         arrival time                         -14.596    
  -------------------------------------------------------------------
                         slack                                  0.269    

Slack (MET) :             0.288ns  (required time - arrival time)
  Source:                 u_array/kr3c_reg[1]/C
                            (rising edge-triggered cell FDRE clocked by sys_clk  {rise@0.000ns fall@5.000ns period=10.000ns})
  Destination:            u_array/acc_reg[3][3][19]/D
                            (rising edge-triggered cell FDRE clocked by sys_clk  {rise@0.000ns fall@5.000ns period=10.000ns})
  Path Group:             sys_clk
  Path Type:              Setup (Max at Slow Process Corner)
  Requirement:            10.000ns  (sys_clk rise@10.000ns - sys_clk rise@0.000ns)
  Data Path Delay:        9.507ns  (logic 4.092ns (43.042%)  route 5.415ns (56.958%))
  Logic Levels:           12  (CARRY4=7 LUT2=1 LUT3=1 LUT4=1 LUT6=2)
  Clock Path Skew:        -0.106ns (DCD - SCD + CPR)
    Destination Clock Delay (DCD):    4.786ns = ( 14.786 - 10.000 ) 
    Source Clock Delay      (SCD):    5.080ns
    Clock Pessimism Removal (CPR):    0.188ns
  Clock Uncertainty:      0.161ns  ((TSJ^2 + TIJ^2)^1/2 + DJ) / 2 + PE + UU
    Total System Jitter     (TSJ):    0.071ns
    Total Input Jitter      (TIJ):    0.100ns
    Discrete Jitter          (DJ):    0.000ns
    Phase Error              (PE):    0.000ns
    User Uncertainty         (UU):    0.100ns

    Location             Delay type                Incr(ns)  Path(ns)    Netlist Resource(s)
  -------------------------------------------------------------------    -------------------
                         (clock sys_clk rise edge)    0.000     0.000 r  
    W5                                                0.000     0.000 r  clk (IN)
                         net (fo=0)                   0.000     0.000    clk
    W5                                                                r  clk_IBUF_inst/I
    W5                   IBUF (Prop_ibuf_I_O)         1.458     1.458 r  clk_IBUF_inst/O
                         net (fo=1, routed)           1.967     3.425    clk_IBUF
    BUFGCTRL_X0Y0                                                     r  clk_IBUF_BUFG_inst/I
    BUFGCTRL_X0Y0        BUFG (Prop_bufg_I_O)         0.096     3.521 r  clk_IBUF_BUFG_inst/O
                         net (fo=1258, routed)        1.559     5.080    u_array/clk_IBUF_BUFG
    SLICE_X41Y15         FDRE                                         r  u_array/kr3c_reg[1]/C
  -------------------------------------------------------------------    -------------------
    SLICE_X41Y15         FDRE (Prop_fdre_C_Q)         0.456     5.536 r  u_array/kr3c_reg[1]/Q
                         net (fo=32, routed)          1.276     6.812    u_array/kr3c[1]
    SLICE_X42Y11                                                      r  u_array/acc[3][3][0]_i_15/I3
    SLICE_X42Y11         LUT6 (Prop_lut6_I3_O)        0.124     6.936 r  u_array/acc[3][3][0]_i_15/O
                         net (fo=17, routed)          1.405     8.341    u_array/B[1]
    SLICE_X15Y8                                                       r  u_array/acc[3][3][0]_i_7/I0
    SLICE_X15Y8          LUT6 (Prop_lut6_I0_O)        0.124     8.465 r  u_array/acc[3][3][0]_i_7/O
                         net (fo=1, routed)           0.610     9.075    u_array/acc[3][3][0]_i_7_n_0
    SLICE_X14Y8                                                       r  u_array/acc_reg[3][3][0]_i_2/DI[3]
    SLICE_X14Y8          CARRY4 (Prop_carry4_DI[3]_CO[3])
                                                      0.396     9.471 r  u_array/acc_reg[3][3][0]_i_2/CO[3]
                         net (fo=1, routed)           0.000     9.471    u_array/acc_reg[3][3][0]_i_2_n_0
    SLICE_X14Y9                                                       r  u_array/acc_reg[3][3][4]_i_16/CI
    SLICE_X14Y9          CARRY4 (Prop_carry4_CI_CO[3])
                                                      0.117     9.588 r  u_array/acc_reg[3][3][4]_i_16/CO[3]
                         net (fo=1, routed)           0.000     9.588    u_array/acc_reg[3][3][4]_i_16_n_0
    SLICE_X14Y10                                                      r  u_array/acc_reg[3][3][8]_i_16/CI
    SLICE_X14Y10         CARRY4 (Prop_carry4_CI_O[1])
                                                      0.323     9.911 r  u_array/acc_reg[3][3][8]_i_16/O[1]
                         net (fo=2, routed)           0.735    10.646    u_array/acc_reg[3][3][8]_i_16_n_6
    SLICE_X14Y12                                                      r  u_array/acc[3][3][8]_i_8/I2
    SLICE_X14Y12         LUT3 (Prop_lut3_I2_O)        0.332    10.978 r  u_array/acc[3][3][8]_i_8/O
                         net (fo=2, routed)           0.886    11.864    u_array/acc[3][3][8]_i_8_n_0
    SLICE_X14Y12                                                      r  u_array/acc[3][3][8]_i_12/I0
    SLICE_X14Y12         LUT4 (Prop_lut4_I0_O)        0.348    12.212 r  u_array/acc[3][3][8]_i_12/O
                         net (fo=1, routed)           0.000    12.212    u_array/acc[3][3][8]_i_12_n_0
    SLICE_X14Y12                                                      r  u_array/acc_reg[3][3][8]_i_2/S[2]
    SLICE_X14Y12         CARRY4 (Prop_carry4_S[2]_CO[3])
                                                      0.380    12.592 r  u_array/acc_reg[3][3][8]_i_2/CO[3]
                         net (fo=1, routed)           0.000    12.592    u_array/acc_reg[3][3][8]_i_2_n_0
    SLICE_X14Y13                                                      r  u_array/acc_reg[3][3][12]_i_2/CI
    SLICE_X14Y13         CARRY4 (Prop_carry4_CI_O[1])
                                                      0.323    12.915 r  u_array/acc_reg[3][3][12]_i_2/O[1]
                         net (fo=2, routed)           0.503    13.418    u_array/e33[13]
    SLICE_X13Y12                                                      r  u_array/acc[3][3][12]_i_5/I0
    SLICE_X13Y12         LUT2 (Prop_lut2_I0_O)        0.306    13.724 r  u_array/acc[3][3][12]_i_5/O
                         net (fo=1, routed)           0.000    13.724    u_array/acc[3][3][12]_i_5_n_0
    SLICE_X13Y12                                                      r  u_array/acc_reg[3][3][12]_i_1/S[1]
    SLICE_X13Y12         CARRY4 (Prop_carry4_S[1]_CO[3])
                                                      0.550    14.274 r  u_array/acc_reg[3][3][12]_i_1/CO[3]
                         net (fo=1, routed)           0.000    14.274    u_array/acc_reg[3][3][12]_i_1_n_0
    SLICE_X13Y13                                                      r  u_array/acc_reg[3][3][16]_i_1/CI
    SLICE_X13Y13         CARRY4 (Prop_carry4_CI_O[3])
                                                      0.313    14.587 r  u_array/acc_reg[3][3][16]_i_1/O[3]
                         net (fo=1, routed)           0.000    14.587    u_array/acc_reg[3][3][16]_i_1_n_4
    SLICE_X13Y13         FDRE                                         r  u_array/acc_reg[3][3][19]/D
  -------------------------------------------------------------------    -------------------

                         (clock sys_clk rise edge)   10.000    10.000 r  
    W5                                                0.000    10.000 r  clk (IN)
                         net (fo=0)                   0.000    10.000    clk
    W5                                                                r  clk_IBUF_inst/I
    W5                   IBUF (Prop_ibuf_I_O)         1.388    11.388 r  clk_IBUF_inst/O
                         net (fo=1, routed)           1.862    13.250    clk_IBUF
    BUFGCTRL_X0Y0                                                     r  clk_IBUF_BUFG_inst/I
    BUFGCTRL_X0Y0        BUFG (Prop_bufg_I_O)         0.091    13.341 r  clk_IBUF_BUFG_inst/O
                         net (fo=1258, routed)        1.445    14.786    u_array/clk_IBUF_BUFG
    SLICE_X13Y13         FDRE                                         r  u_array/acc_reg[3][3][19]/C
                         clock pessimism              0.188    14.974    
                         clock uncertainty           -0.161    14.813    
    SLICE_X13Y13         FDRE (Setup_fdre_C_D)        0.062    14.875    u_array/acc_reg[3][3][19]
  -------------------------------------------------------------------
                         required time                         14.875    
                         arrival time                         -14.587    
  -------------------------------------------------------------------
                         slack                                  0.288    

Slack (MET) :             0.290ns  (required time - arrival time)
  Source:                 u_array/kr3c_reg[1]/C
                            (rising edge-triggered cell FDRE clocked by sys_clk  {rise@0.000ns fall@5.000ns period=10.000ns})
  Destination:            u_array/acc_reg[3][1][23]/D
                            (rising edge-triggered cell FDRE clocked by sys_clk  {rise@0.000ns fall@5.000ns period=10.000ns})
  Path Group:             sys_clk
  Path Type:              Setup (Max at Slow Process Corner)
  Requirement:            10.000ns  (sys_clk rise@10.000ns - sys_clk rise@0.000ns)
  Data Path Delay:        9.494ns  (logic 4.264ns (44.911%)  route 5.230ns (55.089%))
  Logic Levels:           12  (CARRY4=7 LUT2=1 LUT3=1 LUT4=1 LUT6=2)
  Clock Path Skew:        -0.116ns (DCD - SCD + CPR)
    Destination Clock Delay (DCD):    4.776ns = ( 14.776 - 10.000 ) 
    Source Clock Delay      (SCD):    5.080ns
    Clock Pessimism Removal (CPR):    0.188ns
  Clock Uncertainty:      0.161ns  ((TSJ^2 + TIJ^2)^1/2 + DJ) / 2 + PE + UU
    Total System Jitter     (TSJ):    0.071ns
    Total Input Jitter      (TIJ):    0.100ns
    Discrete Jitter          (DJ):    0.000ns
    Phase Error              (PE):    0.000ns
    User Uncertainty         (UU):    0.100ns

    Location             Delay type                Incr(ns)  Path(ns)    Netlist Resource(s)
  -------------------------------------------------------------------    -------------------
                         (clock sys_clk rise edge)    0.000     0.000 r  
    W5                                                0.000     0.000 r  clk (IN)
                         net (fo=0)                   0.000     0.000    clk
    W5                                                                r  clk_IBUF_inst/I
    W5                   IBUF (Prop_ibuf_I_O)         1.458     1.458 r  clk_IBUF_inst/O
                         net (fo=1, routed)           1.967     3.425    clk_IBUF
    BUFGCTRL_X0Y0                                                     r  clk_IBUF_BUFG_inst/I
    BUFGCTRL_X0Y0        BUFG (Prop_bufg_I_O)         0.096     3.521 r  clk_IBUF_BUFG_inst/O
                         net (fo=1258, routed)        1.559     5.080    u_array/clk_IBUF_BUFG
    SLICE_X41Y15         FDRE                                         r  u_array/kr3c_reg[1]/C
  -------------------------------------------------------------------    -------------------
    SLICE_X41Y15         FDRE (Prop_fdre_C_Q)         0.456     5.536 r  u_array/kr3c_reg[1]/Q
                         net (fo=32, routed)          1.292     6.828    u_array/kr3c[1]
    SLICE_X36Y11                                                      r  u_array/acc[3][1][0]_i_16/I3
    SLICE_X36Y11         LUT6 (Prop_lut6_I3_O)        0.124     6.952 f  u_array/acc[3][1][0]_i_16/O
                         net (fo=16, routed)          1.056     8.008    u_array/acc[3][1][0]_i_16_n_0
    SLICE_X31Y10                                                      f  u_array/acc[3][1][4]_i_42/I1
    SLICE_X31Y10         LUT2 (Prop_lut2_I1_O)        0.118     8.126 r  u_array/acc[3][1][4]_i_42/O
                         net (fo=1, routed)           0.622     8.748    u_array/acc[3][1][4]_i_42_n_0
    SLICE_X32Y10                                                      r  u_array/acc[3][1][4]_i_30/I3
    SLICE_X32Y10         LUT6 (Prop_lut6_I3_O)        0.326     9.074 r  u_array/acc[3][1][4]_i_30/O
                         net (fo=1, routed)           0.000     9.074    u_array/acc[3][1][4]_i_30_n_0
    SLICE_X32Y10                                                      r  u_array/acc_reg[3][1][4]_i_16/S[2]
    SLICE_X32Y10         CARRY4 (Prop_carry4_S[2]_CO[3])
                                                      0.398     9.472 r  u_array/acc_reg[3][1][4]_i_16/CO[3]
                         net (fo=1, routed)           0.000     9.472    u_array/acc_reg[3][1][4]_i_16_n_0
    SLICE_X32Y11                                                      r  u_array/acc_reg[3][1][8]_i_16/CI
    SLICE_X32Y11         CARRY4 (Prop_carry4_CI_O[1])
                                                      0.334     9.806 r  u_array/acc_reg[3][1][8]_i_16/O[1]
                         net (fo=2, routed)           0.640    10.446    u_array/acc_reg[3][1][8]_i_16_n_6
    SLICE_X31Y12                                                      r  u_array/acc[3][1][8]_i_8/I2
    SLICE_X31Y12         LUT3 (Prop_lut3_I2_O)        0.331    10.777 r  u_array/acc[3][1][8]_i_8/O
                         net (fo=2, routed)           0.860    11.637    u_array/acc[3][1][8]_i_8_n_0
    SLICE_X31Y12                                                      r  u_array/acc[3][1][8]_i_12/I0
    SLICE_X31Y12         LUT4 (Prop_lut4_I0_O)        0.332    11.969 r  u_array/acc[3][1][8]_i_12/O
                         net (fo=1, routed)           0.000    11.969    u_array/acc[3][1][8]_i_12_n_0
    SLICE_X31Y12                                                      r  u_array/acc_reg[3][1][8]_i_2/S[2]
    SLICE_X31Y12         CARRY4 (Prop_carry4_S[2]_CO[3])
                                                      0.398    12.367 r  u_array/acc_reg[3][1][8]_i_2/CO[3]
                         net (fo=1, routed)           0.000    12.367    u_array/acc_reg[3][1][8]_i_2_n_0
    SLICE_X31Y13                                                      r  u_array/acc_reg[3][1][12]_i_2/CI
    SLICE_X31Y13         CARRY4 (Prop_carry4_CI_O[1])
                                                      0.334    12.701 r  u_array/acc_reg[3][1][12]_i_2/O[1]
                         net (fo=2, routed)           0.760    13.462    u_array/e31[13]
    SLICE_X32Y16                                                      r  u_array/acc_reg[3][1][12]_i_1/DI[1]
    SLICE_X32Y16         CARRY4 (Prop_carry4_DI[1]_CO[3])
                                                      0.686    14.148 r  u_array/acc_reg[3][1][12]_i_1/CO[3]
                         net (fo=1, routed)           0.000    14.148    u_array/acc_reg[3][1][12]_i_1_n_0
    SLICE_X32Y17                                                      r  u_array/acc_reg[3][1][16]_i_1/CI
    SLICE_X32Y17         CARRY4 (Prop_carry4_CI_CO[3])
                                                      0.114    14.262 r  u_array/acc_reg[3][1][16]_i_1/CO[3]
                         net (fo=1, routed)           0.000    14.262    u_array/acc_reg[3][1][16]_i_1_n_0
    SLICE_X32Y18                                                      r  u_array/acc_reg[3][1][20]_i_1/CI
    SLICE_X32Y18         CARRY4 (Prop_carry4_CI_O[3])
                                                      0.313    14.575 r  u_array/acc_reg[3][1][20]_i_1/O[3]
                         net (fo=1, routed)           0.000    14.575    u_array/acc_reg[3][1][20]_i_1_n_4
    SLICE_X32Y18         FDRE                                         r  u_array/acc_reg[3][1][23]/D
  -------------------------------------------------------------------    -------------------

                         (clock sys_clk rise edge)   10.000    10.000 r  
    W5                                                0.000    10.000 r  clk (IN)
                         net (fo=0)                   0.000    10.000    clk
    W5                                                                r  clk_IBUF_inst/I
    W5                   IBUF (Prop_ibuf_I_O)         1.388    11.388 r  clk_IBUF_inst/O
                         net (fo=1, routed)           1.862    13.250    clk_IBUF
    BUFGCTRL_X0Y0                                                     r  clk_IBUF_BUFG_inst/I
    BUFGCTRL_X0Y0        BUFG (Prop_bufg_I_O)         0.091    13.341 r  clk_IBUF_BUFG_inst/O
                         net (fo=1258, routed)        1.435    14.776    u_array/clk_IBUF_BUFG
    SLICE_X32Y18         FDRE                                         r  u_array/acc_reg[3][1][23]/C
                         clock pessimism              0.188    14.964    
                         clock uncertainty           -0.161    14.803    
    SLICE_X32Y18         FDRE (Setup_fdre_C_D)        0.062    14.865    u_array/acc_reg[3][1][23]
  -------------------------------------------------------------------
                         required time                         14.865    
                         arrival time                         -14.575    
  -------------------------------------------------------------------
                         slack                                  0.290    





Pulse Width Checks
--------------------------------------------------------------------------------------
Clock Name:         sys_clk
Waveform(ns):       { 0.000 5.000 }
Period(ns):         10.000
Sources:            { clk }

Check Type        Corner  Lib Pin  Reference Pin  Required(ns)  Actual(ns)  Slack(ns)  Location       Pin
Min Period        n/a     BUFG/I   n/a            2.155         10.000      7.845      BUFGCTRL_X0Y0  clk_IBUF_BUFG_inst/I
Min Period        n/a     FDRE/C   n/a            1.000         10.000      9.000      SLICE_X37Y17   u_array/a1_r_reg[0]/C
Min Period        n/a     FDRE/C   n/a            1.000         10.000      9.000      SLICE_X43Y15   u_array/a1_r_reg[1]/C
Min Period        n/a     FDRE/C   n/a            1.000         10.000      9.000      SLICE_X43Y15   u_array/a1_r_reg[2]/C
Min Period        n/a     FDRE/C   n/a            1.000         10.000      9.000      SLICE_X42Y13   u_array/a1_r_reg[3]/C
Min Period        n/a     FDRE/C   n/a            1.000         10.000      9.000      SLICE_X42Y13   u_array/a1_r_reg[4]/C
Min Period        n/a     FDRE/C   n/a            1.000         10.000      9.000      SLICE_X44Y16   u_array/a1_r_reg[5]/C
Min Period        n/a     FDRE/C   n/a            1.000         10.000      9.000      SLICE_X44Y16   u_array/a1_r_reg[6]/C
Min Period        n/a     FDRE/C   n/a            1.000         10.000      9.000      SLICE_X40Y0    u_array/a1_r_reg[7]/C
Min Period        n/a     FDRE/C   n/a            1.000         10.000      9.000      SLICE_X40Y0    u_array/a2_r0_reg[0]/C
Low Pulse Width   Slow    FDRE/C   n/a            0.500         5.000       4.500      SLICE_X37Y17   u_array/a1_r_reg[0]/C
Low Pulse Width   Fast    FDRE/C   n/a            0.500         5.000       4.500      SLICE_X37Y17   u_array/a1_r_reg[0]/C
Low Pulse Width   Slow    FDRE/C   n/a            0.500         5.000       4.500      SLICE_X43Y15   u_array/a1_r_reg[1]/C
Low Pulse Width   Fast    FDRE/C   n/a            0.500         5.000       4.500      SLICE_X43Y15   u_array/a1_r_reg[1]/C
Low Pulse Width   Slow    FDRE/C   n/a            0.500         5.000       4.500      SLICE_X43Y15   u_array/a1_r_reg[2]/C
Low Pulse Width   Fast    FDRE/C   n/a            0.500         5.000       4.500      SLICE_X43Y15   u_array/a1_r_reg[2]/C
Low Pulse Width   Slow    FDRE/C   n/a            0.500         5.000       4.500      SLICE_X42Y13   u_array/a1_r_reg[3]/C
Low Pulse Width   Fast    FDRE/C   n/a            0.500         5.000       4.500      SLICE_X42Y13   u_array/a1_r_reg[3]/C
Low Pulse Width   Slow    FDRE/C   n/a            0.500         5.000       4.500      SLICE_X42Y13   u_array/a1_r_reg[4]/C
Low Pulse Width   Fast    FDRE/C   n/a            0.500         5.000       4.500      SLICE_X42Y13   u_array/a1_r_reg[4]/C
High Pulse Width  Slow    FDRE/C   n/a            0.500         5.000       4.500      SLICE_X37Y17   u_array/a1_r_reg[0]/C
High Pulse Width  Fast    FDRE/C   n/a            0.500         5.000       4.500      SLICE_X37Y17   u_array/a1_r_reg[0]/C
High Pulse Width  Slow    FDRE/C   n/a            0.500         5.000       4.500      SLICE_X43Y15   u_array/a1_r_reg[1]/C
High Pulse Width  Fast    FDRE/C   n/a            0.500         5.000       4.500      SLICE_X43Y15   u_array/a1_r_reg[1]/C
High Pulse Width  Slow    FDRE/C   n/a            0.500         5.000       4.500      SLICE_X43Y15   u_array/a1_r_reg[2]/C
High Pulse Width  Fast    FDRE/C   n/a            0.500         5.000       4.500      SLICE_X43Y15   u_array/a1_r_reg[2]/C
High Pulse Width  Slow    FDRE/C   n/a            0.500         5.000       4.500      SLICE_X42Y13   u_array/a1_r_reg[3]/C
High Pulse Width  Fast    FDRE/C   n/a            0.500         5.000       4.500      SLICE_X42Y13   u_array/a1_r_reg[3]/C
High Pulse Width  Slow    FDRE/C   n/a            0.500         5.000       4.500      SLICE_X42Y13   u_array/a1_r_reg[4]/C
High Pulse Width  Fast    FDRE/C   n/a            0.500         5.000       4.500      SLICE_X42Y13   u_array/a1_r_reg[4]/C



