Copyright 1986-2022 Xilinx, Inc. All Rights Reserved. Copyright 2022-2025 Advanced Micro Devices, Inc. All Rights Reserved.
--------------------------------------------------------------------------------------------------------------------------------------------------------------------------------------
| Tool Version : Vivado v.2025.2 (win64) Build 6299465 Fri Nov 14 19:35:11 GMT 2025
| Date         : Mon May 25 23:46:44 2026
| Host         : Ansh running 64-bit major release  (build 9200)
| Command      : report_timing_summary -delay_type max -check_timing_verbose -max_paths 10 -input_pins -routable_nets -file scripts/../results/utilization_reports/timing_summary.rpt
| Design       : npu_top
| Device       : 7a35t-cpg236
| Speed File   : -1  PRODUCTION 1.23 2018-06-13
| Design State : Synthesized
--------------------------------------------------------------------------------------------------------------------------------------------------------------------------------------

Timing Summary Report

------------------------------------------------------------------------------------------------
| Timer Settings
| --------------
------------------------------------------------------------------------------------------------

  Enable Multi Corner Analysis               :  Yes
  Enable Pessimism Removal                   :  Yes
  Pessimism Removal Resolution               :  Nearest Common Node
  Enable Input Delay Default Clock           :  No
  Enable Preset / Clear Arcs                 :  No
  Disable Flight Delays                      :  No
  Ignore I/O Paths                           :  No
  Timing Early Launch at Borrowing Latches   :  No
  Borrow Time for Max Delay Exceptions       :  Yes
  Merge Timing Exceptions                    :  Yes
  Inter-SLR Compensation                     :  Conservative

  Corner  Analyze    Analyze    
  Name    Max Paths  Min Paths  
  ------  ---------  ---------  
  Slow    Yes        Yes        
  Fast    Yes        Yes        


------------------------------------------------------------------------------------------------
| Report Methodology
| ------------------
------------------------------------------------------------------------------------------------

No report available as report_methodology has not been run prior. Run report_methodology on the current design for the summary of methodology violations.



check_timing report

Table of Contents
-----------------
1. checking no_clock (0)
2. checking constant_clock (0)
3. checking pulse_width_clock (0)
4. checking unconstrained_internal_endpoints (0)
5. checking no_input_delay (21)
6. checking no_output_delay (25)
7. checking multiple_clock (0)
8. checking generated_clocks (0)
9. checking loops (0)
10. checking partial_input_delay (0)
11. checking partial_output_delay (0)
12. checking latch_loops (0)

1. checking no_clock (0)
------------------------
 There are 0 register/latch pins with no clock.


2. checking constant_clock (0)
------------------------------
 There are 0 register/latch pins with constant_clock.


3. checking pulse_width_clock (0)
---------------------------------
 There are 0 register/latch pins which need pulse_width check


4. checking unconstrained_internal_endpoints (0)
------------------------------------------------
 There are 0 pins that are not constrained for maximum delay.

 There are 0 pins that are not constrained for maximum delay due to constant clock.


5. checking no_input_delay (21)
-------------------------------
 There are 18 input ports with no input delay specified. (HIGH)

rd_col[0]
rd_col[1]
rd_en
rd_row[0]
rd_row[1]
wr_col[0]
wr_col[1]
wr_data[0]
wr_data[1]
wr_data[2]
wr_data[3]
wr_data[4]
wr_data[5]
wr_data[6]
wr_data[7]
wr_row[0]
wr_row[1]
wr_sel

 There are 3 input ports with no input delay but user has a false path constraint. (MEDIUM)

rst_n
start
wr_en


6. checking no_output_delay (25)
--------------------------------
 There are 25 ports with no output delay specified. (HIGH)

done
rd_data[0]
rd_data[10]
rd_data[11]
rd_data[12]
rd_data[13]
rd_data[14]
rd_data[15]
rd_data[16]
rd_data[17]
rd_data[18]
rd_data[19]
rd_data[1]
rd_data[20]
rd_data[21]
rd_data[22]
rd_data[23]
rd_data[2]
rd_data[3]
rd_data[4]
rd_data[5]
rd_data[6]
rd_data[7]
rd_data[8]
rd_data[9]

 There are 0 ports with no output delay but user has a false path constraint

 There are 0 ports with no output delay but with a timing clock defined on it or propagating through it


7. checking multiple_clock (0)
------------------------------
 There are 0 register/latch pins with multiple clocks.


8. checking generated_clocks (0)
--------------------------------
 There are 0 generated clocks that are not connected to a clock source.


9. checking loops (0)
---------------------
 There are 0 combinational loops in the design.


10. checking partial_input_delay (0)
------------------------------------
 There are 0 input ports with partial input delay specified.


11. checking partial_output_delay (0)
-------------------------------------
 There are 0 ports with partial output delay specified.


12. checking latch_loops (0)
----------------------------
 There are 0 combinational latch loops in the design through latch input



------------------------------------------------------------------------------------------------
| Design Timing Summary
| ---------------------
------------------------------------------------------------------------------------------------

    WNS(ns)      TNS(ns)  TNS Failing Endpoints  TNS Total Endpoints     WPWS(ns)     TPWS(ns)  TPWS Failing Endpoints  TPWS Total Endpoints  
    -------      -------  ---------------------  -------------------     --------     --------  ----------------------  --------------------  
      0.819        0.000                      0                 2325        4.500        0.000                       0                  1259  


All user specified timing constraints are met.


------------------------------------------------------------------------------------------------
| Clock Summary
| -------------
------------------------------------------------------------------------------------------------

Clock    Waveform(ns)       Period(ns)      Frequency(MHz)
-----    ------------       ----------      --------------
sys_clk  {0.000 5.000}      10.000          100.000         


------------------------------------------------------------------------------------------------
| Intra Clock Table
| -----------------
------------------------------------------------------------------------------------------------

Clock             WNS(ns)      TNS(ns)  TNS Failing Endpoints  TNS Total Endpoints     WPWS(ns)     TPWS(ns)  TPWS Failing Endpoints  TPWS Total Endpoints  
-----             -------      -------  ---------------------  -------------------     --------     --------  ----------------------  --------------------  
sys_clk             0.819        0.000                      0                 2325        4.500        0.000                       0                  1259  


------------------------------------------------------------------------------------------------
| Inter Clock Table
| -----------------
------------------------------------------------------------------------------------------------

From Clock    To Clock          WNS(ns)      TNS(ns)  TNS Failing Endpoints  TNS Total Endpoints  
----------    --------          -------      -------  ---------------------  -------------------  


------------------------------------------------------------------------------------------------
| Other Path Groups Table
| -----------------------
------------------------------------------------------------------------------------------------

Path Group    From Clock    To Clock          WNS(ns)      TNS(ns)  TNS Failing Endpoints  TNS Total Endpoints  
----------    ----------    --------          -------      -------  ---------------------  -------------------  


------------------------------------------------------------------------------------------------
| Timing Details
| --------------
------------------------------------------------------------------------------------------------


---------------------------------------------------------------------------------------------------
From Clock:  sys_clk
  To Clock:  sys_clk

Setup :            0  Failing Endpoints,  Worst Slack        0.819ns,  Total Violation        0.000ns
Hold  :           NA  Failing Endpoints,  Worst Slack           NA  ,  Total Violation           NA
PW    :            0  Failing Endpoints,  Worst Slack        4.500ns,  Total Violation        0.000ns
---------------------------------------------------------------------------------------------------


Max Delay Paths
--------------------------------------------------------------------------------------
Slack (MET) :             0.819ns  (required time - arrival time)
  Source:                 u_ibuf/mem_reg[0][2][2]/C
                            (rising edge-triggered cell FDRE clocked by sys_clk  {rise@0.000ns fall@5.000ns period=10.000ns})
  Destination:            u_array/acc_reg[0][0][21]/D
                            (rising edge-triggered cell FDRE clocked by sys_clk  {rise@0.000ns fall@5.000ns period=10.000ns})
  Path Group:             sys_clk
  Path Type:              Setup (Max at Slow Process Corner)
  Requirement:            10.000ns  (sys_clk rise@10.000ns - sys_clk rise@0.000ns)
  Data Path Delay:        8.951ns  (logic 4.066ns (45.425%)  route 4.885ns (54.575%))
  Logic Levels:           11  (CARRY4=6 LUT2=1 LUT3=1 LUT4=1 LUT6=2)
  Clock Path Skew:        -0.145ns (DCD - SCD + CPR)
    Destination Clock Delay (DCD):    2.678ns = ( 12.678 - 10.000 ) 
    Source Clock Delay      (SCD):    2.938ns
    Clock Pessimism Removal (CPR):    0.115ns
  Clock Uncertainty:      0.161ns  ((TSJ^2 + TIJ^2)^1/2 + DJ) / 2 + PE + UU
    Total System Jitter     (TSJ):    0.071ns
    Total Input Jitter      (TIJ):    0.100ns
    Discrete Jitter          (DJ):    0.000ns
    Phase Error              (PE):    0.000ns
    User Uncertainty         (UU):    0.100ns

    Location             Delay type                Incr(ns)  Path(ns)    Netlist Resource(s)
  -------------------------------------------------------------------    -------------------
                         (clock sys_clk rise edge)    0.000     0.000 r  
    W5                                                0.000     0.000 r  clk (IN)
                         net (fo=0)                   0.000     0.000    clk
    W5                                                                r  clk_IBUF_inst/I
    W5                   IBUF (Prop_ibuf_I_O)         1.458     1.458 r  clk_IBUF_inst/O
                         net (fo=1, unplaced)         0.800     2.258    clk_IBUF
                                                                      r  clk_IBUF_BUFG_inst/I
                         BUFG (Prop_bufg_I_O)         0.096     2.354 r  clk_IBUF_BUFG_inst/O
                         net (fo=1258, unplaced)      0.584     2.938    u_ibuf/CLK
                         FDRE                                         r  u_ibuf/mem_reg[0][2][2]/C
  -------------------------------------------------------------------    -------------------
                         FDRE (Prop_fdre_C_Q)         0.456     3.394 r  u_ibuf/mem_reg[0][2][2]/Q
                         net (fo=1, unplaced)         0.965     4.359    u_ibuf/mem_reg[0][2]_1[2]
                                                                      r  u_ibuf/acc[0][0][0]_i_30/I0
                         LUT6 (Prop_lut6_I0_O)        0.295     4.654 f  u_ibuf/acc[0][0][0]_i_30/O
                         net (fo=17, unplaced)        0.505     5.159    u_fsm/acc[0][3][8]_i_21
                                                                      f  u_fsm/acc[0][0][0]_i_16/I3
                         LUT4 (Prop_lut4_I3_O)        0.124     5.283 r  u_fsm/acc[0][0][0]_i_16/O
                         net (fo=56, unplaced)        0.987     6.270    u_array/a_rows_gated[2]
                                                                      r  u_array/acc[0][0][0]_i_23/I1
                         LUT6 (Prop_lut6_I1_O)        0.124     6.394 r  u_array/acc[0][0][0]_i_23/O
                         net (fo=1, unplaced)         0.473     6.867    u_array/acc[0][0][0]_i_23_n_0
                                                                      r  u_array/acc_reg[0][0][0]_i_14/DI[3]
                         CARRY4 (Prop_carry4_DI[3]_CO[3])
                                                      0.396     7.263 r  u_array/acc_reg[0][0][0]_i_14/CO[3]
                         net (fo=1, unplaced)         0.009     7.272    u_array/acc_reg[0][0][0]_i_14_n_0
                                                                      r  u_array/acc_reg[0][0][4]_i_17/CI
                         CARRY4 (Prop_carry4_CI_O[1])
                                                      0.337     7.609 r  u_array/acc_reg[0][0][4]_i_17/O[1]
                         net (fo=2, unplaced)         0.622     8.231    u_array/acc_reg[0][0][4]_i_17_n_6
                                                                      r  u_array/acc[0][0][8]_i_9/I1
                         LUT3 (Prop_lut3_I1_O)        0.306     8.537 r  u_array/acc[0][0][8]_i_9/O
                         net (fo=2, unplaced)         0.650     9.187    u_array/acc[0][0][8]_i_9_n_0
                                                                      r  u_array/acc_reg[0][0][8]_i_2/DI[1]
                         CARRY4 (Prop_carry4_DI[1]_CO[3])
                                                      0.520     9.707 r  u_array/acc_reg[0][0][8]_i_2/CO[3]
                         net (fo=1, unplaced)         0.000     9.707    u_array/acc_reg[0][0][8]_i_2_n_0
                                                                      r  u_array/acc_reg[0][0][12]_i_2/CI
                         CARRY4 (Prop_carry4_CI_O[3])
                                                      0.331    10.038 r  u_array/acc_reg[0][0][12]_i_2/O[3]
                         net (fo=17, unplaced)        0.674    10.712    u_array/e00[15]
                                                                      r  u_array/acc[0][0][16]_i_4/I0
                         LUT2 (Prop_lut2_I0_O)        0.307    11.019 r  u_array/acc[0][0][16]_i_4/O
                         net (fo=1, unplaced)         0.000    11.019    u_array/acc[0][0][16]_i_4_n_0
                                                                      r  u_array/acc_reg[0][0][16]_i_1/S[1]
                         CARRY4 (Prop_carry4_S[1]_CO[3])
                                                      0.533    11.552 r  u_array/acc_reg[0][0][16]_i_1/CO[3]
                         net (fo=1, unplaced)         0.000    11.552    u_array/acc_reg[0][0][16]_i_1_n_0
                                                                      r  u_array/acc_reg[0][0][20]_i_1/CI
                         CARRY4 (Prop_carry4_CI_O[1])
                                                      0.337    11.889 r  u_array/acc_reg[0][0][20]_i_1/O[1]
                         net (fo=1, unplaced)         0.000    11.889    u_array/acc_reg[0][0][20]_i_1_n_6
                         FDRE                                         r  u_array/acc_reg[0][0][21]/D
  -------------------------------------------------------------------    -------------------

                         (clock sys_clk rise edge)   10.000    10.000 r  
    W5                                                0.000    10.000 r  clk (IN)
                         net (fo=0)                   0.000    10.000    clk
    W5                                                                r  clk_IBUF_inst/I
    W5                   IBUF (Prop_ibuf_I_O)         1.388    11.388 r  clk_IBUF_inst/O
                         net (fo=1, unplaced)         0.760    12.148    clk_IBUF
                                                                      r  clk_IBUF_BUFG_inst/I
                         BUFG (Prop_bufg_I_O)         0.091    12.239 r  clk_IBUF_BUFG_inst/O
                         net (fo=1258, unplaced)      0.439    12.678    u_array/clk_IBUF_BUFG
                         FDRE                                         r  u_array/acc_reg[0][0][21]/C
                         clock pessimism              0.115    12.793    
                         clock uncertainty           -0.161    12.632    
                         FDRE (Setup_fdre_C_D)        0.076    12.708    u_array/acc_reg[0][0][21]
  -------------------------------------------------------------------
                         required time                         12.708    
                         arrival time                         -11.889    
  -------------------------------------------------------------------
                         slack                                  0.819    

Slack (MET) :             0.819ns  (required time - arrival time)
  Source:                 u_ibuf/mem_reg[0][2][2]/C
                            (rising edge-triggered cell FDRE clocked by sys_clk  {rise@0.000ns fall@5.000ns period=10.000ns})
  Destination:            u_array/acc_reg[0][1][21]/D
                            (rising edge-triggered cell FDRE clocked by sys_clk  {rise@0.000ns fall@5.000ns period=10.000ns})
  Path Group:             sys_clk
  Path Type:              Setup (Max at Slow Process Corner)
  Requirement:            10.000ns  (sys_clk rise@10.000ns - sys_clk rise@0.000ns)
  Data Path Delay:        8.951ns  (logic 4.066ns (45.425%)  route 4.885ns (54.575%))
  Logic Levels:           11  (CARRY4=6 LUT2=1 LUT3=1 LUT4=1 LUT6=2)
  Clock Path Skew:        -0.145ns (DCD - SCD + CPR)
    Destination Clock Delay (DCD):    2.678ns = ( 12.678 - 10.000 ) 
    Source Clock Delay      (SCD):    2.938ns
    Clock Pessimism Removal (CPR):    0.115ns
  Clock Uncertainty:      0.161ns  ((TSJ^2 + TIJ^2)^1/2 + DJ) / 2 + PE + UU
    Total System Jitter     (TSJ):    0.071ns
    Total Input Jitter      (TIJ):    0.100ns
    Discrete Jitter          (DJ):    0.000ns
    Phase Error              (PE):    0.000ns
    User Uncertainty         (UU):    0.100ns

    Location             Delay type                Incr(ns)  Path(ns)    Netlist Resource(s)
  -------------------------------------------------------------------    -------------------
                         (clock sys_clk rise edge)    0.000     0.000 r  
    W5                                                0.000     0.000 r  clk (IN)
                         net (fo=0)                   0.000     0.000    clk
    W5                                                                r  clk_IBUF_inst/I
    W5                   IBUF (Prop_ibuf_I_O)         1.458     1.458 r  clk_IBUF_inst/O
                         net (fo=1, unplaced)         0.800     2.258    clk_IBUF
                                                                      r  clk_IBUF_BUFG_inst/I
                         BUFG (Prop_bufg_I_O)         0.096     2.354 r  clk_IBUF_BUFG_inst/O
                         net (fo=1258, unplaced)      0.584     2.938    u_ibuf/CLK
                         FDRE                                         r  u_ibuf/mem_reg[0][2][2]/C
  -------------------------------------------------------------------    -------------------
                         FDRE (Prop_fdre_C_Q)         0.456     3.394 r  u_ibuf/mem_reg[0][2][2]/Q
                         net (fo=1, unplaced)         0.965     4.359    u_ibuf/mem_reg[0][2]_1[2]
                                                                      r  u_ibuf/acc[0][0][0]_i_30/I0
                         LUT6 (Prop_lut6_I0_O)        0.295     4.654 f  u_ibuf/acc[0][0][0]_i_30/O
                         net (fo=17, unplaced)        0.505     5.159    u_fsm/acc[0][3][8]_i_21
                                                                      f  u_fsm/acc[0][0][0]_i_16/I3
                         LUT4 (Prop_lut4_I3_O)        0.124     5.283 r  u_fsm/acc[0][0][0]_i_16/O
                         net (fo=56, unplaced)        0.987     6.270    u_array/a_rows_gated[2]
                                                                      r  u_array/acc[0][1][0]_i_19/I1
                         LUT6 (Prop_lut6_I1_O)        0.124     6.394 r  u_array/acc[0][1][0]_i_19/O
                         net (fo=1, unplaced)         0.473     6.867    u_array/acc[0][1][0]_i_19_n_0
                                                                      r  u_array/acc_reg[0][1][0]_i_14/DI[3]
                         CARRY4 (Prop_carry4_DI[3]_CO[3])
                                                      0.396     7.263 r  u_array/acc_reg[0][1][0]_i_14/CO[3]
                         net (fo=1, unplaced)         0.009     7.272    u_array/acc_reg[0][1][0]_i_14_n_0
                                                                      r  u_array/acc_reg[0][1][4]_i_17/CI
                         CARRY4 (Prop_carry4_CI_O[1])
                                                      0.337     7.609 r  u_array/acc_reg[0][1][4]_i_17/O[1]
                         net (fo=2, unplaced)         0.622     8.231    u_array/acc_reg[0][1][4]_i_17_n_6
                                                                      r  u_array/acc[0][1][8]_i_9/I1
                         LUT3 (Prop_lut3_I1_O)        0.306     8.537 r  u_array/acc[0][1][8]_i_9/O
                         net (fo=2, unplaced)         0.650     9.187    u_array/acc[0][1][8]_i_9_n_0
                                                                      r  u_array/acc_reg[0][1][8]_i_2/DI[1]
                         CARRY4 (Prop_carry4_DI[1]_CO[3])
                                                      0.520     9.707 r  u_array/acc_reg[0][1][8]_i_2/CO[3]
                         net (fo=1, unplaced)         0.000     9.707    u_array/acc_reg[0][1][8]_i_2_n_0
                                                                      r  u_array/acc_reg[0][1][12]_i_2/CI
                         CARRY4 (Prop_carry4_CI_O[3])
                                                      0.331    10.038 r  u_array/acc_reg[0][1][12]_i_2/O[3]
                         net (fo=17, unplaced)        0.674    10.712    u_array/e01[15]
                                                                      r  u_array/acc[0][1][16]_i_4/I0
                         LUT2 (Prop_lut2_I0_O)        0.307    11.019 r  u_array/acc[0][1][16]_i_4/O
                         net (fo=1, unplaced)         0.000    11.019    u_array/acc[0][1][16]_i_4_n_0
                                                                      r  u_array/acc_reg[0][1][16]_i_1/S[1]
                         CARRY4 (Prop_carry4_S[1]_CO[3])
                                                      0.533    11.552 r  u_array/acc_reg[0][1][16]_i_1/CO[3]
                         net (fo=1, unplaced)         0.000    11.552    u_array/acc_reg[0][1][16]_i_1_n_0
                                                                      r  u_array/acc_reg[0][1][20]_i_1/CI
                         CARRY4 (Prop_carry4_CI_O[1])
                                                      0.337    11.889 r  u_array/acc_reg[0][1][20]_i_1/O[1]
                         net (fo=1, unplaced)         0.000    11.889    u_array/acc_reg[0][1][20]_i_1_n_6
                         FDRE                                         r  u_array/acc_reg[0][1][21]/D
  -------------------------------------------------------------------    -------------------

                         (clock sys_clk rise edge)   10.000    10.000 r  
    W5                                                0.000    10.000 r  clk (IN)
                         net (fo=0)                   0.000    10.000    clk
    W5                                                                r  clk_IBUF_inst/I
    W5                   IBUF (Prop_ibuf_I_O)         1.388    11.388 r  clk_IBUF_inst/O
                         net (fo=1, unplaced)         0.760    12.148    clk_IBUF
                                                                      r  clk_IBUF_BUFG_inst/I
                         BUFG (Prop_bufg_I_O)         0.091    12.239 r  clk_IBUF_BUFG_inst/O
                         net (fo=1258, unplaced)      0.439    12.678    u_array/clk_IBUF_BUFG
                         FDRE                                         r  u_array/acc_reg[0][1][21]/C
                         clock pessimism              0.115    12.793    
                         clock uncertainty           -0.161    12.632    
                         FDRE (Setup_fdre_C_D)        0.076    12.708    u_array/acc_reg[0][1][21]
  -------------------------------------------------------------------
                         required time                         12.708    
                         arrival time                         -11.889    
  -------------------------------------------------------------------
                         slack                                  0.819    

Slack (MET) :             0.819ns  (required time - arrival time)
  Source:                 u_ibuf/mem_reg[0][2][2]/C
                            (rising edge-triggered cell FDRE clocked by sys_clk  {rise@0.000ns fall@5.000ns period=10.000ns})
  Destination:            u_array/acc_reg[0][2][21]/D
                            (rising edge-triggered cell FDRE clocked by sys_clk  {rise@0.000ns fall@5.000ns period=10.000ns})
  Path Group:             sys_clk
  Path Type:              Setup (Max at Slow Process Corner)
  Requirement:            10.000ns  (sys_clk rise@10.000ns - sys_clk rise@0.000ns)
  Data Path Delay:        8.951ns  (logic 4.066ns (45.425%)  route 4.885ns (54.575%))
  Logic Levels:           11  (CARRY4=6 LUT2=1 LUT3=1 LUT4=1 LUT6=2)
  Clock Path Skew:        -0.145ns (DCD - SCD + CPR)
    Destination Clock Delay (DCD):    2.678ns = ( 12.678 - 10.000 ) 
    Source Clock Delay      (SCD):    2.938ns
    Clock Pessimism Removal (CPR):    0.115ns
  Clock Uncertainty:      0.161ns  ((TSJ^2 + TIJ^2)^1/2 + DJ) / 2 + PE + UU
    Total System Jitter     (TSJ):    0.071ns
    Total Input Jitter      (TIJ):    0.100ns
    Discrete Jitter          (DJ):    0.000ns
    Phase Error              (PE):    0.000ns
    User Uncertainty         (UU):    0.100ns

    Location             Delay type                Incr(ns)  Path(ns)    Netlist Resource(s)
  -------------------------------------------------------------------    -------------------
                         (clock sys_clk rise edge)    0.000     0.000 r  
    W5                                                0.000     0.000 r  clk (IN)
                         net (fo=0)                   0.000     0.000    clk
    W5                                                                r  clk_IBUF_inst/I
    W5                   IBUF (Prop_ibuf_I_O)         1.458     1.458 r  clk_IBUF_inst/O
                         net (fo=1, unplaced)         0.800     2.258    clk_IBUF
                                                                      r  clk_IBUF_BUFG_inst/I
                         BUFG (Prop_bufg_I_O)         0.096     2.354 r  clk_IBUF_BUFG_inst/O
                         net (fo=1258, unplaced)      0.584     2.938    u_ibuf/CLK
                         FDRE                                         r  u_ibuf/mem_reg[0][2][2]/C
  -------------------------------------------------------------------    -------------------
                         FDRE (Prop_fdre_C_Q)         0.456     3.394 r  u_ibuf/mem_reg[0][2][2]/Q
                         net (fo=1, unplaced)         0.965     4.359    u_ibuf/mem_reg[0][2]_1[2]
                                                                      r  u_ibuf/acc[0][0][0]_i_30/I0
                         LUT6 (Prop_lut6_I0_O)        0.295     4.654 f  u_ibuf/acc[0][0][0]_i_30/O
                         net (fo=17, unplaced)        0.505     5.159    u_fsm/acc[0][3][8]_i_21
                                                                      f  u_fsm/acc[0][0][0]_i_16/I3
                         LUT4 (Prop_lut4_I3_O)        0.124     5.283 r  u_fsm/acc[0][0][0]_i_16/O
                         net (fo=56, unplaced)        0.987     6.270    u_array/a_rows_gated[2]
                                                                      r  u_array/acc[0][2][0]_i_19/I1
                         LUT6 (Prop_lut6_I1_O)        0.124     6.394 r  u_array/acc[0][2][0]_i_19/O
                         net (fo=1, unplaced)         0.473     6.867    u_array/acc[0][2][0]_i_19_n_0
                                                                      r  u_array/acc_reg[0][2][0]_i_14/DI[3]
                         CARRY4 (Prop_carry4_DI[3]_CO[3])
                                                      0.396     7.263 r  u_array/acc_reg[0][2][0]_i_14/CO[3]
                         net (fo=1, unplaced)         0.009     7.272    u_array/acc_reg[0][2][0]_i_14_n_0
                                                                      r  u_array/acc_reg[0][2][4]_i_17/CI
                         CARRY4 (Prop_carry4_CI_O[1])
                                                      0.337     7.609 r  u_array/acc_reg[0][2][4]_i_17/O[1]
                         net (fo=2, unplaced)         0.622     8.231    u_array/acc_reg[0][2][4]_i_17_n_6
                                                                      r  u_array/acc[0][2][8]_i_9/I1
                         LUT3 (Prop_lut3_I1_O)        0.306     8.537 r  u_array/acc[0][2][8]_i_9/O
                         net (fo=2, unplaced)         0.650     9.187    u_array/acc[0][2][8]_i_9_n_0
                                                                      r  u_array/acc_reg[0][2][8]_i_2/DI[1]
                         CARRY4 (Prop_carry4_DI[1]_CO[3])
                                                      0.520     9.707 r  u_array/acc_reg[0][2][8]_i_2/CO[3]
                         net (fo=1, unplaced)         0.000     9.707    u_array/acc_reg[0][2][8]_i_2_n_0
                                                                      r  u_array/acc_reg[0][2][12]_i_2/CI
                         CARRY4 (Prop_carry4_CI_O[3])
                                                      0.331    10.038 r  u_array/acc_reg[0][2][12]_i_2/O[3]
                         net (fo=17, unplaced)        0.674    10.712    u_array/e02[15]
                                                                      r  u_array/acc[0][2][16]_i_4/I0
                         LUT2 (Prop_lut2_I0_O)        0.307    11.019 r  u_array/acc[0][2][16]_i_4/O
                         net (fo=1, unplaced)         0.000    11.019    u_array/acc[0][2][16]_i_4_n_0
                                                                      r  u_array/acc_reg[0][2][16]_i_1/S[1]
                         CARRY4 (Prop_carry4_S[1]_CO[3])
                                                      0.533    11.552 r  u_array/acc_reg[0][2][16]_i_1/CO[3]
                         net (fo=1, unplaced)         0.000    11.552    u_array/acc_reg[0][2][16]_i_1_n_0
                                                                      r  u_array/acc_reg[0][2][20]_i_1/CI
                         CARRY4 (Prop_carry4_CI_O[1])
                                                      0.337    11.889 r  u_array/acc_reg[0][2][20]_i_1/O[1]
                         net (fo=1, unplaced)         0.000    11.889    u_array/acc_reg[0][2][20]_i_1_n_6
                         FDRE                                         r  u_array/acc_reg[0][2][21]/D
  -------------------------------------------------------------------    -------------------

                         (clock sys_clk rise edge)   10.000    10.000 r  
    W5                                                0.000    10.000 r  clk (IN)
                         net (fo=0)                   0.000    10.000    clk
    W5                                                                r  clk_IBUF_inst/I
    W5                   IBUF (Prop_ibuf_I_O)         1.388    11.388 r  clk_IBUF_inst/O
                         net (fo=1, unplaced)         0.760    12.148    clk_IBUF
                                                                      r  clk_IBUF_BUFG_inst/I
                         BUFG (Prop_bufg_I_O)         0.091    12.239 r  clk_IBUF_BUFG_inst/O
                         net (fo=1258, unplaced)      0.439    12.678    u_array/clk_IBUF_BUFG
                         FDRE                                         r  u_array/acc_reg[0][2][21]/C
                         clock pessimism              0.115    12.793    
                         clock uncertainty           -0.161    12.632    
                         FDRE (Setup_fdre_C_D)        0.076    12.708    u_array/acc_reg[0][2][21]
  -------------------------------------------------------------------
                         required time                         12.708    
                         arrival time                         -11.889    
  -------------------------------------------------------------------
                         slack                                  0.819    

Slack (MET) :             0.819ns  (required time - arrival time)
  Source:                 u_ibuf/mem_reg[0][2][2]/C
                            (rising edge-triggered cell FDRE clocked by sys_clk  {rise@0.000ns fall@5.000ns period=10.000ns})
  Destination:            u_array/acc_reg[0][3][21]/D
                            (rising edge-triggered cell FDRE clocked by sys_clk  {rise@0.000ns fall@5.000ns period=10.000ns})
  Path Group:             sys_clk
  Path Type:              Setup (Max at Slow Process Corner)
  Requirement:            10.000ns  (sys_clk rise@10.000ns - sys_clk rise@0.000ns)
  Data Path Delay:        8.951ns  (logic 4.066ns (45.425%)  route 4.885ns (54.575%))
  Logic Levels:           11  (CARRY4=6 LUT2=1 LUT3=1 LUT4=1 LUT6=2)
  Clock Path Skew:        -0.145ns (DCD - SCD + CPR)
    Destination Clock Delay (DCD):    2.678ns = ( 12.678 - 10.000 ) 
    Source Clock Delay      (SCD):    2.938ns
    Clock Pessimism Removal (CPR):    0.115ns
  Clock Uncertainty:      0.161ns  ((TSJ^2 + TIJ^2)^1/2 + DJ) / 2 + PE + UU
    Total System Jitter     (TSJ):    0.071ns
    Total Input Jitter      (TIJ):    0.100ns
    Discrete Jitter          (DJ):    0.000ns
    Phase Error              (PE):    0.000ns
    User Uncertainty         (UU):    0.100ns

    Location             Delay type                Incr(ns)  Path(ns)    Netlist Resource(s)
  -------------------------------------------------------------------    -------------------
                         (clock sys_clk rise edge)    0.000     0.000 r  
    W5                                                0.000     0.000 r  clk (IN)
                         net (fo=0)                   0.000     0.000    clk
    W5                                                                r  clk_IBUF_inst/I
    W5                   IBUF (Prop_ibuf_I_O)         1.458     1.458 r  clk_IBUF_inst/O
                         net (fo=1, unplaced)         0.800     2.258    clk_IBUF
                                                                      r  clk_IBUF_BUFG_inst/I
                         BUFG (Prop_bufg_I_O)         0.096     2.354 r  clk_IBUF_BUFG_inst/O
                         net (fo=1258, unplaced)      0.584     2.938    u_ibuf/CLK
                         FDRE                                         r  u_ibuf/mem_reg[0][2][2]/C
  -------------------------------------------------------------------    -------------------
                         FDRE (Prop_fdre_C_Q)         0.456     3.394 r  u_ibuf/mem_reg[0][2][2]/Q
                         net (fo=1, unplaced)         0.965     4.359    u_ibuf/mem_reg[0][2]_1[2]
                                                                      r  u_ibuf/acc[0][0][0]_i_30/I0
                         LUT6 (Prop_lut6_I0_O)        0.295     4.654 f  u_ibuf/acc[0][0][0]_i_30/O
                         net (fo=17, unplaced)        0.505     5.159    u_fsm/acc[0][3][8]_i_21
                                                                      f  u_fsm/acc[0][0][0]_i_16/I3
                         LUT4 (Prop_lut4_I3_O)        0.124     5.283 r  u_fsm/acc[0][0][0]_i_16/O
                         net (fo=56, unplaced)        0.987     6.270    u_array/a_rows_gated[2]
                                                                      r  u_array/acc[0][3][0]_i_19/I1
                         LUT6 (Prop_lut6_I1_O)        0.124     6.394 r  u_array/acc[0][3][0]_i_19/O
                         net (fo=1, unplaced)         0.473     6.867    u_array/acc[0][3][0]_i_19_n_0
                                                                      r  u_array/acc_reg[0][3][0]_i_14/DI[3]
                         CARRY4 (Prop_carry4_DI[3]_CO[3])
                                                      0.396     7.263 r  u_array/acc_reg[0][3][0]_i_14/CO[3]
                         net (fo=1, unplaced)         0.009     7.272    u_array/acc_reg[0][3][0]_i_14_n_0
                                                                      r  u_array/acc_reg[0][3][4]_i_17/CI
                         CARRY4 (Prop_carry4_CI_O[1])
                                                      0.337     7.609 r  u_array/acc_reg[0][3][4]_i_17/O[1]
                         net (fo=2, unplaced)         0.622     8.231    u_array/acc_reg[0][3][4]_i_17_n_6
                                                                      r  u_array/acc[0][3][8]_i_9/I1
                         LUT3 (Prop_lut3_I1_O)        0.306     8.537 r  u_array/acc[0][3][8]_i_9/O
                         net (fo=2, unplaced)         0.650     9.187    u_array/acc[0][3][8]_i_9_n_0
                                                                      r  u_array/acc_reg[0][3][8]_i_2/DI[1]
                         CARRY4 (Prop_carry4_DI[1]_CO[3])
                                                      0.520     9.707 r  u_array/acc_reg[0][3][8]_i_2/CO[3]
                         net (fo=1, unplaced)         0.000     9.707    u_array/acc_reg[0][3][8]_i_2_n_0
                                                                      r  u_array/acc_reg[0][3][12]_i_2/CI
                         CARRY4 (Prop_carry4_CI_O[3])
                                                      0.331    10.038 r  u_array/acc_reg[0][3][12]_i_2/O[3]
                         net (fo=17, unplaced)        0.674    10.712    u_array/e03[15]
                                                                      r  u_array/acc[0][3][16]_i_4/I0
                         LUT2 (Prop_lut2_I0_O)        0.307    11.019 r  u_array/acc[0][3][16]_i_4/O
                         net (fo=1, unplaced)         0.000    11.019    u_array/acc[0][3][16]_i_4_n_0
                                                                      r  u_array/acc_reg[0][3][16]_i_1/S[1]
                         CARRY4 (Prop_carry4_S[1]_CO[3])
                                                      0.533    11.552 r  u_array/acc_reg[0][3][16]_i_1/CO[3]
                         net (fo=1, unplaced)         0.000    11.552    u_array/acc_reg[0][3][16]_i_1_n_0
                                                                      r  u_array/acc_reg[0][3][20]_i_1/CI
                         CARRY4 (Prop_carry4_CI_O[1])
                                                      0.337    11.889 r  u_array/acc_reg[0][3][20]_i_1/O[1]
                         net (fo=1, unplaced)         0.000    11.889    u_array/acc_reg[0][3][20]_i_1_n_6
                         FDRE                                         r  u_array/acc_reg[0][3][21]/D
  -------------------------------------------------------------------    -------------------

                         (clock sys_clk rise edge)   10.000    10.000 r  
    W5                                                0.000    10.000 r  clk (IN)
                         net (fo=0)                   0.000    10.000    clk
    W5                                                                r  clk_IBUF_inst/I
    W5                   IBUF (Prop_ibuf_I_O)         1.388    11.388 r  clk_IBUF_inst/O
                         net (fo=1, unplaced)         0.760    12.148    clk_IBUF
                                                                      r  clk_IBUF_BUFG_inst/I
                         BUFG (Prop_bufg_I_O)         0.091    12.239 r  clk_IBUF_BUFG_inst/O
                         net (fo=1258, unplaced)      0.439    12.678    u_array/clk_IBUF_BUFG
                         FDRE                                         r  u_array/acc_reg[0][3][21]/C
                         clock pessimism              0.115    12.793    
                         clock uncertainty           -0.161    12.632    
                         FDRE (Setup_fdre_C_D)        0.076    12.708    u_array/acc_reg[0][3][21]
  -------------------------------------------------------------------
                         required time                         12.708    
                         arrival time                         -11.889    
  -------------------------------------------------------------------
                         slack                                  0.819    

Slack (MET) :             0.825ns  (required time - arrival time)
  Source:                 u_ibuf/mem_reg[0][2][2]/C
                            (rising edge-triggered cell FDRE clocked by sys_clk  {rise@0.000ns fall@5.000ns period=10.000ns})
  Destination:            u_array/acc_reg[0][0][23]/D
                            (rising edge-triggered cell FDRE clocked by sys_clk  {rise@0.000ns fall@5.000ns period=10.000ns})
  Path Group:             sys_clk
  Path Type:              Setup (Max at Slow Process Corner)
  Requirement:            10.000ns  (sys_clk rise@10.000ns - sys_clk rise@0.000ns)
  Data Path Delay:        8.945ns  (logic 4.060ns (45.388%)  route 4.885ns (54.612%))
  Logic Levels:           11  (CARRY4=6 LUT2=1 LUT3=1 LUT4=1 LUT6=2)
  Clock Path Skew:        -0.145ns (DCD - SCD + CPR)
    Destination Clock Delay (DCD):    2.678ns = ( 12.678 - 10.000 ) 
    Source Clock Delay      (SCD):    2.938ns
    Clock Pessimism Removal (CPR):    0.115ns
  Clock Uncertainty:      0.161ns  ((TSJ^2 + TIJ^2)^1/2 + DJ) / 2 + PE + UU
    Total System Jitter     (TSJ):    0.071ns
    Total Input Jitter      (TIJ):    0.100ns
    Discrete Jitter          (DJ):    0.000ns
    Phase Error              (PE):    0.000ns
    User Uncertainty         (UU):    0.100ns

    Location             Delay type                Incr(ns)  Path(ns)    Netlist Resource(s)
  -------------------------------------------------------------------    -------------------
                         (clock sys_clk rise edge)    0.000     0.000 r  
    W5                                                0.000     0.000 r  clk (IN)
                         net (fo=0)                   0.000     0.000    clk
    W5                                                                r  clk_IBUF_inst/I
    W5                   IBUF (Prop_ibuf_I_O)         1.458     1.458 r  clk_IBUF_inst/O
                         net (fo=1, unplaced)         0.800     2.258    clk_IBUF
                                                                      r  clk_IBUF_BUFG_inst/I
                         BUFG (Prop_bufg_I_O)         0.096     2.354 r  clk_IBUF_BUFG_inst/O
                         net (fo=1258, unplaced)      0.584     2.938    u_ibuf/CLK
                         FDRE                                         r  u_ibuf/mem_reg[0][2][2]/C
  -------------------------------------------------------------------    -------------------
                         FDRE (Prop_fdre_C_Q)         0.456     3.394 r  u_ibuf/mem_reg[0][2][2]/Q
                         net (fo=1, unplaced)         0.965     4.359    u_ibuf/mem_reg[0][2]_1[2]
                                                                      r  u_ibuf/acc[0][0][0]_i_30/I0
                         LUT6 (Prop_lut6_I0_O)        0.295     4.654 f  u_ibuf/acc[0][0][0]_i_30/O
                         net (fo=17, unplaced)        0.505     5.159    u_fsm/acc[0][3][8]_i_21
                                                                      f  u_fsm/acc[0][0][0]_i_16/I3
                         LUT4 (Prop_lut4_I3_O)        0.124     5.283 r  u_fsm/acc[0][0][0]_i_16/O
                         net (fo=56, unplaced)        0.987     6.270    u_array/a_rows_gated[2]
                                                                      r  u_array/acc[0][0][0]_i_23/I1
                         LUT6 (Prop_lut6_I1_O)        0.124     6.394 r  u_array/acc[0][0][0]_i_23/O
                         net (fo=1, unplaced)         0.473     6.867    u_array/acc[0][0][0]_i_23_n_0
                                                                      r  u_array/acc_reg[0][0][0]_i_14/DI[3]
                         CARRY4 (Prop_carry4_DI[3]_CO[3])
                                                      0.396     7.263 r  u_array/acc_reg[0][0][0]_i_14/CO[3]
                         net (fo=1, unplaced)         0.009     7.272    u_array/acc_reg[0][0][0]_i_14_n_0
                                                                      r  u_array/acc_reg[0][0][4]_i_17/CI
                         CARRY4 (Prop_carry4_CI_O[1])
                                                      0.337     7.609 r  u_array/acc_reg[0][0][4]_i_17/O[1]
                         net (fo=2, unplaced)         0.622     8.231    u_array/acc_reg[0][0][4]_i_17_n_6
                                                                      r  u_array/acc[0][0][8]_i_9/I1
                         LUT3 (Prop_lut3_I1_O)        0.306     8.537 r  u_array/acc[0][0][8]_i_9/O
                         net (fo=2, unplaced)         0.650     9.187    u_array/acc[0][0][8]_i_9_n_0
                                                                      r  u_array/acc_reg[0][0][8]_i_2/DI[1]
                         CARRY4 (Prop_carry4_DI[1]_CO[3])
                                                      0.520     9.707 r  u_array/acc_reg[0][0][8]_i_2/CO[3]
                         net (fo=1, unplaced)         0.000     9.707    u_array/acc_reg[0][0][8]_i_2_n_0
                                                                      r  u_array/acc_reg[0][0][12]_i_2/CI
                         CARRY4 (Prop_carry4_CI_O[3])
                                                      0.331    10.038 r  u_array/acc_reg[0][0][12]_i_2/O[3]
                         net (fo=17, unplaced)        0.674    10.712    u_array/e00[15]
                                                                      r  u_array/acc[0][0][16]_i_4/I0
                         LUT2 (Prop_lut2_I0_O)        0.307    11.019 r  u_array/acc[0][0][16]_i_4/O
                         net (fo=1, unplaced)         0.000    11.019    u_array/acc[0][0][16]_i_4_n_0
                                                                      r  u_array/acc_reg[0][0][16]_i_1/S[1]
                         CARRY4 (Prop_carry4_S[1]_CO[3])
                                                      0.533    11.552 r  u_array/acc_reg[0][0][16]_i_1/CO[3]
                         net (fo=1, unplaced)         0.000    11.552    u_array/acc_reg[0][0][16]_i_1_n_0
                                                                      r  u_array/acc_reg[0][0][20]_i_1/CI
                         CARRY4 (Prop_carry4_CI_O[3])
                                                      0.331    11.883 r  u_array/acc_reg[0][0][20]_i_1/O[3]
                         net (fo=1, unplaced)         0.000    11.883    u_array/acc_reg[0][0][20]_i_1_n_4
                         FDRE                                         r  u_array/acc_reg[0][0][23]/D
  -------------------------------------------------------------------    -------------------

                         (clock sys_clk rise edge)   10.000    10.000 r  
    W5                                                0.000    10.000 r  clk (IN)
                         net (fo=0)                   0.000    10.000    clk
    W5                                                                r  clk_IBUF_inst/I
    W5                   IBUF (Prop_ibuf_I_O)         1.388    11.388 r  clk_IBUF_inst/O
                         net (fo=1, unplaced)         0.760    12.148    clk_IBUF
                                                                      r  clk_IBUF_BUFG_inst/I
                         BUFG (Prop_bufg_I_O)         0.091    12.239 r  clk_IBUF_BUFG_inst/O
                         net (fo=1258, unplaced)      0.439    12.678    u_array/clk_IBUF_BUFG
                         FDRE                                         r  u_array/acc_reg[0][0][23]/C
                         clock pessimism              0.115    12.793    
                         clock uncertainty           -0.161    12.632    
                         FDRE (Setup_fdre_C_D)        0.076    12.708    u_array/acc_reg[0][0][23]
  -------------------------------------------------------------------
                         required time                         12.708    
                         arrival time                         -11.883    
  -------------------------------------------------------------------
                         slack                                  0.825    

Slack (MET) :             0.825ns  (required time - arrival time)
  Source:                 u_ibuf/mem_reg[0][2][2]/C
                            (rising edge-triggered cell FDRE clocked by sys_clk  {rise@0.000ns fall@5.000ns period=10.000ns})
  Destination:            u_array/acc_reg[0][1][23]/D
                            (rising edge-triggered cell FDRE clocked by sys_clk  {rise@0.000ns fall@5.000ns period=10.000ns})
  Path Group:             sys_clk
  Path Type:              Setup (Max at Slow Process Corner)
  Requirement:            10.000ns  (sys_clk rise@10.000ns - sys_clk rise@0.000ns)
  Data Path Delay:        8.945ns  (logic 4.060ns (45.388%)  route 4.885ns (54.612%))
  Logic Levels:           11  (CARRY4=6 LUT2=1 LUT3=1 LUT4=1 LUT6=2)
  Clock Path Skew:        -0.145ns (DCD - SCD + CPR)
    Destination Clock Delay (DCD):    2.678ns = ( 12.678 - 10.000 ) 
    Source Clock Delay      (SCD):    2.938ns
    Clock Pessimism Removal (CPR):    0.115ns
  Clock Uncertainty:      0.161ns  ((TSJ^2 + TIJ^2)^1/2 + DJ) / 2 + PE + UU
    Total System Jitter     (TSJ):    0.071ns
    Total Input Jitter      (TIJ):    0.100ns
    Discrete Jitter          (DJ):    0.000ns
    Phase Error              (PE):    0.000ns
    User Uncertainty         (UU):    0.100ns

    Location             Delay type                Incr(ns)  Path(ns)    Netlist Resource(s)
  -------------------------------------------------------------------    -------------------
                         (clock sys_clk rise edge)    0.000     0.000 r  
    W5                                                0.000     0.000 r  clk (IN)
                         net (fo=0)                   0.000     0.000    clk
    W5                                                                r  clk_IBUF_inst/I
    W5                   IBUF (Prop_ibuf_I_O)         1.458     1.458 r  clk_IBUF_inst/O
                         net (fo=1, unplaced)         0.800     2.258    clk_IBUF
                                                                      r  clk_IBUF_BUFG_inst/I
                         BUFG (Prop_bufg_I_O)         0.096     2.354 r  clk_IBUF_BUFG_inst/O
                         net (fo=1258, unplaced)      0.584     2.938    u_ibuf/CLK
                         FDRE                                         r  u_ibuf/mem_reg[0][2][2]/C
  -------------------------------------------------------------------    -------------------
                         FDRE (Prop_fdre_C_Q)         0.456     3.394 r  u_ibuf/mem_reg[0][2][2]/Q
                         net (fo=1, unplaced)         0.965     4.359    u_ibuf/mem_reg[0][2]_1[2]
                                                                      r  u_ibuf/acc[0][0][0]_i_30/I0
                         LUT6 (Prop_lut6_I0_O)        0.295     4.654 f  u_ibuf/acc[0][0][0]_i_30/O
                         net (fo=17, unplaced)        0.505     5.159    u_fsm/acc[0][3][8]_i_21
                                                                      f  u_fsm/acc[0][0][0]_i_16/I3
                         LUT4 (Prop_lut4_I3_O)        0.124     5.283 r  u_fsm/acc[0][0][0]_i_16/O
                         net (fo=56, unplaced)        0.987     6.270    u_array/a_rows_gated[2]
                                                                      r  u_array/acc[0][1][0]_i_19/I1
                         LUT6 (Prop_lut6_I1_O)        0.124     6.394 r  u_array/acc[0][1][0]_i_19/O
                         net (fo=1, unplaced)         0.473     6.867    u_array/acc[0][1][0]_i_19_n_0
                                                                      r  u_array/acc_reg[0][1][0]_i_14/DI[3]
                         CARRY4 (Prop_carry4_DI[3]_CO[3])
                                                      0.396     7.263 r  u_array/acc_reg[0][1][0]_i_14/CO[3]
                         net (fo=1, unplaced)         0.009     7.272    u_array/acc_reg[0][1][0]_i_14_n_0
                                                                      r  u_array/acc_reg[0][1][4]_i_17/CI
                         CARRY4 (Prop_carry4_CI_O[1])
                                                      0.337     7.609 r  u_array/acc_reg[0][1][4]_i_17/O[1]
                         net (fo=2, unplaced)         0.622     8.231    u_array/acc_reg[0][1][4]_i_17_n_6
                                                                      r  u_array/acc[0][1][8]_i_9/I1
                         LUT3 (Prop_lut3_I1_O)        0.306     8.537 r  u_array/acc[0][1][8]_i_9/O
                         net (fo=2, unplaced)         0.650     9.187    u_array/acc[0][1][8]_i_9_n_0
                                                                      r  u_array/acc_reg[0][1][8]_i_2/DI[1]
                         CARRY4 (Prop_carry4_DI[1]_CO[3])
                                                      0.520     9.707 r  u_array/acc_reg[0][1][8]_i_2/CO[3]
                         net (fo=1, unplaced)         0.000     9.707    u_array/acc_reg[0][1][8]_i_2_n_0
                                                                      r  u_array/acc_reg[0][1][12]_i_2/CI
                         CARRY4 (Prop_carry4_CI_O[3])
                                                      0.331    10.038 r  u_array/acc_reg[0][1][12]_i_2/O[3]
                         net (fo=17, unplaced)        0.674    10.712    u_array/e01[15]
                                                                      r  u_array/acc[0][1][16]_i_4/I0
                         LUT2 (Prop_lut2_I0_O)        0.307    11.019 r  u_array/acc[0][1][16]_i_4/O
                         net (fo=1, unplaced)         0.000    11.019    u_array/acc[0][1][16]_i_4_n_0
                                                                      r  u_array/acc_reg[0][1][16]_i_1/S[1]
                         CARRY4 (Prop_carry4_S[1]_CO[3])
                                                      0.533    11.552 r  u_array/acc_reg[0][1][16]_i_1/CO[3]
                         net (fo=1, unplaced)         0.000    11.552    u_array/acc_reg[0][1][16]_i_1_n_0
                                                                      r  u_array/acc_reg[0][1][20]_i_1/CI
                         CARRY4 (Prop_carry4_CI_O[3])
                                                      0.331    11.883 r  u_array/acc_reg[0][1][20]_i_1/O[3]
                         net (fo=1, unplaced)         0.000    11.883    u_array/acc_reg[0][1][20]_i_1_n_4
                         FDRE                                         r  u_array/acc_reg[0][1][23]/D
  -------------------------------------------------------------------    -------------------

                         (clock sys_clk rise edge)   10.000    10.000 r  
    W5                                                0.000    10.000 r  clk (IN)
                         net (fo=0)                   0.000    10.000    clk
    W5                                                                r  clk_IBUF_inst/I
    W5                   IBUF (Prop_ibuf_I_O)         1.388    11.388 r  clk_IBUF_inst/O
                         net (fo=1, unplaced)         0.760    12.148    clk_IBUF
                                                                      r  clk_IBUF_BUFG_inst/I
                         BUFG (Prop_bufg_I_O)         0.091    12.239 r  clk_IBUF_BUFG_inst/O
                         net (fo=1258, unplaced)      0.439    12.678    u_array/clk_IBUF_BUFG
                         FDRE                                         r  u_array/acc_reg[0][1][23]/C
                         clock pessimism              0.115    12.793    
                         clock uncertainty           -0.161    12.632    
                         FDRE (Setup_fdre_C_D)        0.076    12.708    u_array/acc_reg[0][1][23]
  -------------------------------------------------------------------
                         required time                         12.708    
                         arrival time                         -11.883    
  -------------------------------------------------------------------
                         slack                                  0.825    

Slack (MET) :             0.825ns  (required time - arrival time)
  Source:                 u_ibuf/mem_reg[0][2][2]/C
                            (rising edge-triggered cell FDRE clocked by sys_clk  {rise@0.000ns fall@5.000ns period=10.000ns})
  Destination:            u_array/acc_reg[0][2][23]/D
                            (rising edge-triggered cell FDRE clocked by sys_clk  {rise@0.000ns fall@5.000ns period=10.000ns})
  Path Group:             sys_clk
  Path Type:              Setup (Max at Slow Process Corner)
  Requirement:            10.000ns  (sys_clk rise@10.000ns - sys_clk rise@0.000ns)
  Data Path Delay:        8.945ns  (logic 4.060ns (45.388%)  route 4.885ns (54.612%))
  Logic Levels:           11  (CARRY4=6 LUT2=1 LUT3=1 LUT4=1 LUT6=2)
  Clock Path Skew:        -0.145ns (DCD - SCD + CPR)
    Destination Clock Delay (DCD):    2.678ns = ( 12.678 - 10.000 ) 
    Source Clock Delay      (SCD):    2.938ns
    Clock Pessimism Removal (CPR):    0.115ns
  Clock Uncertainty:      0.161ns  ((TSJ^2 + TIJ^2)^1/2 + DJ) / 2 + PE + UU
    Total System Jitter     (TSJ):    0.071ns
    Total Input Jitter      (TIJ):    0.100ns
    Discrete Jitter          (DJ):    0.000ns
    Phase Error              (PE):    0.000ns
    User Uncertainty         (UU):    0.100ns

    Location             Delay type                Incr(ns)  Path(ns)    Netlist Resource(s)
  -------------------------------------------------------------------    -------------------
                         (clock sys_clk rise edge)    0.000     0.000 r  
    W5                                                0.000     0.000 r  clk (IN)
                         net (fo=0)                   0.000     0.000    clk
    W5                                                                r  clk_IBUF_inst/I
    W5                   IBUF (Prop_ibuf_I_O)         1.458     1.458 r  clk_IBUF_inst/O
                         net (fo=1, unplaced)         0.800     2.258    clk_IBUF
                                                                      r  clk_IBUF_BUFG_inst/I
                         BUFG (Prop_bufg_I_O)         0.096     2.354 r  clk_IBUF_BUFG_inst/O
                         net (fo=1258, unplaced)      0.584     2.938    u_ibuf/CLK
                         FDRE                                         r  u_ibuf/mem_reg[0][2][2]/C
  -------------------------------------------------------------------    -------------------
                         FDRE (Prop_fdre_C_Q)         0.456     3.394 r  u_ibuf/mem_reg[0][2][2]/Q
                         net (fo=1, unplaced)         0.965     4.359    u_ibuf/mem_reg[0][2]_1[2]
                                                                      r  u_ibuf/acc[0][0][0]_i_30/I0
                         LUT6 (Prop_lut6_I0_O)        0.295     4.654 f  u_ibuf/acc[0][0][0]_i_30/O
                         net (fo=17, unplaced)        0.505     5.159    u_fsm/acc[0][3][8]_i_21
                                                                      f  u_fsm/acc[0][0][0]_i_16/I3
                         LUT4 (Prop_lut4_I3_O)        0.124     5.283 r  u_fsm/acc[0][0][0]_i_16/O
                         net (fo=56, unplaced)        0.987     6.270    u_array/a_rows_gated[2]
                                                                      r  u_array/acc[0][2][0]_i_19/I1
                         LUT6 (Prop_lut6_I1_O)        0.124     6.394 r  u_array/acc[0][2][0]_i_19/O
                         net (fo=1, unplaced)         0.473     6.867    u_array/acc[0][2][0]_i_19_n_0
                                                                      r  u_array/acc_reg[0][2][0]_i_14/DI[3]
                         CARRY4 (Prop_carry4_DI[3]_CO[3])
                                                      0.396     7.263 r  u_array/acc_reg[0][2][0]_i_14/CO[3]
                         net (fo=1, unplaced)         0.009     7.272    u_array/acc_reg[0][2][0]_i_14_n_0
                                                                      r  u_array/acc_reg[0][2][4]_i_17/CI
                         CARRY4 (Prop_carry4_CI_O[1])
                                                      0.337     7.609 r  u_array/acc_reg[0][2][4]_i_17/O[1]
                         net (fo=2, unplaced)         0.622     8.231    u_array/acc_reg[0][2][4]_i_17_n_6
                                                                      r  u_array/acc[0][2][8]_i_9/I1
                         LUT3 (Prop_lut3_I1_O)        0.306     8.537 r  u_array/acc[0][2][8]_i_9/O
                         net (fo=2, unplaced)         0.650     9.187    u_array/acc[0][2][8]_i_9_n_0
                                                                      r  u_array/acc_reg[0][2][8]_i_2/DI[1]
                         CARRY4 (Prop_carry4_DI[1]_CO[3])
                                                      0.520     9.707 r  u_array/acc_reg[0][2][8]_i_2/CO[3]
                         net (fo=1, unplaced)         0.000     9.707    u_array/acc_reg[0][2][8]_i_2_n_0
                                                                      r  u_array/acc_reg[0][2][12]_i_2/CI
                         CARRY4 (Prop_carry4_CI_O[3])
                                                      0.331    10.038 r  u_array/acc_reg[0][2][12]_i_2/O[3]
                         net (fo=17, unplaced)        0.674    10.712    u_array/e02[15]
                                                                      r  u_array/acc[0][2][16]_i_4/I0
                         LUT2 (Prop_lut2_I0_O)        0.307    11.019 r  u_array/acc[0][2][16]_i_4/O
                         net (fo=1, unplaced)         0.000    11.019    u_array/acc[0][2][16]_i_4_n_0
                                                                      r  u_array/acc_reg[0][2][16]_i_1/S[1]
                         CARRY4 (Prop_carry4_S[1]_CO[3])
                                                      0.533    11.552 r  u_array/acc_reg[0][2][16]_i_1/CO[3]
                         net (fo=1, unplaced)         0.000    11.552    u_array/acc_reg[0][2][16]_i_1_n_0
                                                                      r  u_array/acc_reg[0][2][20]_i_1/CI
                         CARRY4 (Prop_carry4_CI_O[3])
                                                      0.331    11.883 r  u_array/acc_reg[0][2][20]_i_1/O[3]
                         net (fo=1, unplaced)         0.000    11.883    u_array/acc_reg[0][2][20]_i_1_n_4
                         FDRE                                         r  u_array/acc_reg[0][2][23]/D
  -------------------------------------------------------------------    -------------------

                         (clock sys_clk rise edge)   10.000    10.000 r  
    W5                                                0.000    10.000 r  clk (IN)
                         net (fo=0)                   0.000    10.000    clk
    W5                                                                r  clk_IBUF_inst/I
    W5                   IBUF (Prop_ibuf_I_O)         1.388    11.388 r  clk_IBUF_inst/O
                         net (fo=1, unplaced)         0.760    12.148    clk_IBUF
                                                                      r  clk_IBUF_BUFG_inst/I
                         BUFG (Prop_bufg_I_O)         0.091    12.239 r  clk_IBUF_BUFG_inst/O
                         net (fo=1258, unplaced)      0.439    12.678    u_array/clk_IBUF_BUFG
                         FDRE                                         r  u_array/acc_reg[0][2][23]/C
                         clock pessimism              0.115    12.793    
                         clock uncertainty           -0.161    12.632    
                         FDRE (Setup_fdre_C_D)        0.076    12.708    u_array/acc_reg[0][2][23]
  -------------------------------------------------------------------
                         required time                         12.708    
                         arrival time                         -11.883    
  -------------------------------------------------------------------
                         slack                                  0.825    

Slack (MET) :             0.825ns  (required time - arrival time)
  Source:                 u_ibuf/mem_reg[0][2][2]/C
                            (rising edge-triggered cell FDRE clocked by sys_clk  {rise@0.000ns fall@5.000ns period=10.000ns})
  Destination:            u_array/acc_reg[0][3][23]/D
                            (rising edge-triggered cell FDRE clocked by sys_clk  {rise@0.000ns fall@5.000ns period=10.000ns})
  Path Group:             sys_clk
  Path Type:              Setup (Max at Slow Process Corner)
  Requirement:            10.000ns  (sys_clk rise@10.000ns - sys_clk rise@0.000ns)
  Data Path Delay:        8.945ns  (logic 4.060ns (45.388%)  route 4.885ns (54.612%))
  Logic Levels:           11  (CARRY4=6 LUT2=1 LUT3=1 LUT4=1 LUT6=2)
  Clock Path Skew:        -0.145ns (DCD - SCD + CPR)
    Destination Clock Delay (DCD):    2.678ns = ( 12.678 - 10.000 ) 
    Source Clock Delay      (SCD):    2.938ns
    Clock Pessimism Removal (CPR):    0.115ns
  Clock Uncertainty:      0.161ns  ((TSJ^2 + TIJ^2)^1/2 + DJ) / 2 + PE + UU
    Total System Jitter     (TSJ):    0.071ns
    Total Input Jitter      (TIJ):    0.100ns
    Discrete Jitter          (DJ):    0.000ns
    Phase Error              (PE):    0.000ns
    User Uncertainty         (UU):    0.100ns

    Location             Delay type                Incr(ns)  Path(ns)    Netlist Resource(s)
  -------------------------------------------------------------------    -------------------
                         (clock sys_clk rise edge)    0.000     0.000 r  
    W5                                                0.000     0.000 r  clk (IN)
                         net (fo=0)                   0.000     0.000    clk
    W5                                                                r  clk_IBUF_inst/I
    W5                   IBUF (Prop_ibuf_I_O)         1.458     1.458 r  clk_IBUF_inst/O
                         net (fo=1, unplaced)         0.800     2.258    clk_IBUF
                                                                      r  clk_IBUF_BUFG_inst/I
                         BUFG (Prop_bufg_I_O)         0.096     2.354 r  clk_IBUF_BUFG_inst/O
                         net (fo=1258, unplaced)      0.584     2.938    u_ibuf/CLK
                         FDRE                                         r  u_ibuf/mem_reg[0][2][2]/C
  -------------------------------------------------------------------    -------------------
                         FDRE (Prop_fdre_C_Q)         0.456     3.394 r  u_ibuf/mem_reg[0][2][2]/Q
                         net (fo=1, unplaced)         0.965     4.359    u_ibuf/mem_reg[0][2]_1[2]
                                                                      r  u_ibuf/acc[0][0][0]_i_30/I0
                         LUT6 (Prop_lut6_I0_O)        0.295     4.654 f  u_ibuf/acc[0][0][0]_i_30/O
                         net (fo=17, unplaced)        0.505     5.159    u_fsm/acc[0][3][8]_i_21
                                                                      f  u_fsm/acc[0][0][0]_i_16/I3
                         LUT4 (Prop_lut4_I3_O)        0.124     5.283 r  u_fsm/acc[0][0][0]_i_16/O
                         net (fo=56, unplaced)        0.987     6.270    u_array/a_rows_gated[2]
                                                                      r  u_array/acc[0][3][0]_i_19/I1
                         LUT6 (Prop_lut6_I1_O)        0.124     6.394 r  u_array/acc[0][3][0]_i_19/O
                         net (fo=1, unplaced)         0.473     6.867    u_array/acc[0][3][0]_i_19_n_0
                                                                      r  u_array/acc_reg[0][3][0]_i_14/DI[3]
                         CARRY4 (Prop_carry4_DI[3]_CO[3])
                                                      0.396     7.263 r  u_array/acc_reg[0][3][0]_i_14/CO[3]
                         net (fo=1, unplaced)         0.009     7.272    u_array/acc_reg[0][3][0]_i_14_n_0
                                                                      r  u_array/acc_reg[0][3][4]_i_17/CI
                         CARRY4 (Prop_carry4_CI_O[1])
                                                      0.337     7.609 r  u_array/acc_reg[0][3][4]_i_17/O[1]
                         net (fo=2, unplaced)         0.622     8.231    u_array/acc_reg[0][3][4]_i_17_n_6
                                                                      r  u_array/acc[0][3][8]_i_9/I1
                         LUT3 (Prop_lut3_I1_O)        0.306     8.537 r  u_array/acc[0][3][8]_i_9/O
                         net (fo=2, unplaced)         0.650     9.187    u_array/acc[0][3][8]_i_9_n_0
                                                                      r  u_array/acc_reg[0][3][8]_i_2/DI[1]
                         CARRY4 (Prop_carry4_DI[1]_CO[3])
                                                      0.520     9.707 r  u_array/acc_reg[0][3][8]_i_2/CO[3]
                         net (fo=1, unplaced)         0.000     9.707    u_array/acc_reg[0][3][8]_i_2_n_0
                                                                      r  u_array/acc_reg[0][3][12]_i_2/CI
                         CARRY4 (Prop_carry4_CI_O[3])
                                                      0.331    10.038 r  u_array/acc_reg[0][3][12]_i_2/O[3]
                         net (fo=17, unplaced)        0.674    10.712    u_array/e03[15]
                                                                      r  u_array/acc[0][3][16]_i_4/I0
                         LUT2 (Prop_lut2_I0_O)        0.307    11.019 r  u_array/acc[0][3][16]_i_4/O
                         net (fo=1, unplaced)         0.000    11.019    u_array/acc[0][3][16]_i_4_n_0
                                                                      r  u_array/acc_reg[0][3][16]_i_1/S[1]
                         CARRY4 (Prop_carry4_S[1]_CO[3])
                                                      0.533    11.552 r  u_array/acc_reg[0][3][16]_i_1/CO[3]
                         net (fo=1, unplaced)         0.000    11.552    u_array/acc_reg[0][3][16]_i_1_n_0
                                                                      r  u_array/acc_reg[0][3][20]_i_1/CI
                         CARRY4 (Prop_carry4_CI_O[3])
                                                      0.331    11.883 r  u_array/acc_reg[0][3][20]_i_1/O[3]
                         net (fo=1, unplaced)         0.000    11.883    u_array/acc_reg[0][3][20]_i_1_n_4
                         FDRE                                         r  u_array/acc_reg[0][3][23]/D
  -------------------------------------------------------------------    -------------------

                         (clock sys_clk rise edge)   10.000    10.000 r  
    W5                                                0.000    10.000 r  clk (IN)
                         net (fo=0)                   0.000    10.000    clk
    W5                                                                r  clk_IBUF_inst/I
    W5                   IBUF (Prop_ibuf_I_O)         1.388    11.388 r  clk_IBUF_inst/O
                         net (fo=1, unplaced)         0.760    12.148    clk_IBUF
                                                                      r  clk_IBUF_BUFG_inst/I
                         BUFG (Prop_bufg_I_O)         0.091    12.239 r  clk_IBUF_BUFG_inst/O
                         net (fo=1258, unplaced)      0.439    12.678    u_array/clk_IBUF_BUFG
                         FDRE                                         r  u_array/acc_reg[0][3][23]/C
                         clock pessimism              0.115    12.793    
                         clock uncertainty           -0.161    12.632    
                         FDRE (Setup_fdre_C_D)        0.076    12.708    u_array/acc_reg[0][3][23]
  -------------------------------------------------------------------
                         required time                         12.708    
                         arrival time                         -11.883    
  -------------------------------------------------------------------
                         slack                                  0.825    

Slack (MET) :             0.900ns  (required time - arrival time)
  Source:                 u_ibuf/mem_reg[0][2][2]/C
                            (rising edge-triggered cell FDRE clocked by sys_clk  {rise@0.000ns fall@5.000ns period=10.000ns})
  Destination:            u_array/acc_reg[0][0][22]/D
                            (rising edge-triggered cell FDRE clocked by sys_clk  {rise@0.000ns fall@5.000ns period=10.000ns})
  Path Group:             sys_clk
  Path Type:              Setup (Max at Slow Process Corner)
  Requirement:            10.000ns  (sys_clk rise@10.000ns - sys_clk rise@0.000ns)
  Data Path Delay:        8.870ns  (logic 3.985ns (44.927%)  route 4.885ns (55.073%))
  Logic Levels:           11  (CARRY4=6 LUT2=1 LUT3=1 LUT4=1 LUT6=2)
  Clock Path Skew:        -0.145ns (DCD - SCD + CPR)
    Destination Clock Delay (DCD):    2.678ns = ( 12.678 - 10.000 ) 
    Source Clock Delay      (SCD):    2.938ns
    Clock Pessimism Removal (CPR):    0.115ns
  Clock Uncertainty:      0.161ns  ((TSJ^2 + TIJ^2)^1/2 + DJ) / 2 + PE + UU
    Total System Jitter     (TSJ):    0.071ns
    Total Input Jitter      (TIJ):    0.100ns
    Discrete Jitter          (DJ):    0.000ns
    Phase Error              (PE):    0.000ns
    User Uncertainty         (UU):    0.100ns

    Location             Delay type                Incr(ns)  Path(ns)    Netlist Resource(s)
  -------------------------------------------------------------------    -------------------
                         (clock sys_clk rise edge)    0.000     0.000 r  
    W5                                                0.000     0.000 r  clk (IN)
                         net (fo=0)                   0.000     0.000    clk
    W5                                                                r  clk_IBUF_inst/I
    W5                   IBUF (Prop_ibuf_I_O)         1.458     1.458 r  clk_IBUF_inst/O
                         net (fo=1, unplaced)         0.800     2.258    clk_IBUF
                                                                      r  clk_IBUF_BUFG_inst/I
                         BUFG (Prop_bufg_I_O)         0.096     2.354 r  clk_IBUF_BUFG_inst/O
                         net (fo=1258, unplaced)      0.584     2.938    u_ibuf/CLK
                         FDRE                                         r  u_ibuf/mem_reg[0][2][2]/C
  -------------------------------------------------------------------    -------------------
                         FDRE (Prop_fdre_C_Q)         0.456     3.394 r  u_ibuf/mem_reg[0][2][2]/Q
                         net (fo=1, unplaced)         0.965     4.359    u_ibuf/mem_reg[0][2]_1[2]
                                                                      r  u_ibuf/acc[0][0][0]_i_30/I0
                         LUT6 (Prop_lut6_I0_O)        0.295     4.654 f  u_ibuf/acc[0][0][0]_i_30/O
                         net (fo=17, unplaced)        0.505     5.159    u_fsm/acc[0][3][8]_i_21
                                                                      f  u_fsm/acc[0][0][0]_i_16/I3
                         LUT4 (Prop_lut4_I3_O)        0.124     5.283 r  u_fsm/acc[0][0][0]_i_16/O
                         net (fo=56, unplaced)        0.987     6.270    u_array/a_rows_gated[2]
                                                                      r  u_array/acc[0][0][0]_i_23/I1
                         LUT6 (Prop_lut6_I1_O)        0.124     6.394 r  u_array/acc[0][0][0]_i_23/O
                         net (fo=1, unplaced)         0.473     6.867    u_array/acc[0][0][0]_i_23_n_0
                                                                      r  u_array/acc_reg[0][0][0]_i_14/DI[3]
                         CARRY4 (Prop_carry4_DI[3]_CO[3])
                                                      0.396     7.263 r  u_array/acc_reg[0][0][0]_i_14/CO[3]
                         net (fo=1, unplaced)         0.009     7.272    u_array/acc_reg[0][0][0]_i_14_n_0
                                                                      r  u_array/acc_reg[0][0][4]_i_17/CI
                         CARRY4 (Prop_carry4_CI_O[1])
                                                      0.337     7.609 r  u_array/acc_reg[0][0][4]_i_17/O[1]
                         net (fo=2, unplaced)         0.622     8.231    u_array/acc_reg[0][0][4]_i_17_n_6
                                                                      r  u_array/acc[0][0][8]_i_9/I1
                         LUT3 (Prop_lut3_I1_O)        0.306     8.537 r  u_array/acc[0][0][8]_i_9/O
                         net (fo=2, unplaced)         0.650     9.187    u_array/acc[0][0][8]_i_9_n_0
                                                                      r  u_array/acc_reg[0][0][8]_i_2/DI[1]
                         CARRY4 (Prop_carry4_DI[1]_CO[3])
                                                      0.520     9.707 r  u_array/acc_reg[0][0][8]_i_2/CO[3]
                         net (fo=1, unplaced)         0.000     9.707    u_array/acc_reg[0][0][8]_i_2_n_0
                                                                      r  u_array/acc_reg[0][0][12]_i_2/CI
                         CARRY4 (Prop_carry4_CI_O[3])
                                                      0.331    10.038 r  u_array/acc_reg[0][0][12]_i_2/O[3]
                         net (fo=17, unplaced)        0.674    10.712    u_array/e00[15]
                                                                      r  u_array/acc[0][0][16]_i_4/I0
                         LUT2 (Prop_lut2_I0_O)        0.307    11.019 r  u_array/acc[0][0][16]_i_4/O
                         net (fo=1, unplaced)         0.000    11.019    u_array/acc[0][0][16]_i_4_n_0
                                                                      r  u_array/acc_reg[0][0][16]_i_1/S[1]
                         CARRY4 (Prop_carry4_S[1]_CO[3])
                                                      0.533    11.552 r  u_array/acc_reg[0][0][16]_i_1/CO[3]
                         net (fo=1, unplaced)         0.000    11.552    u_array/acc_reg[0][0][16]_i_1_n_0
                                                                      r  u_array/acc_reg[0][0][20]_i_1/CI
                         CARRY4 (Prop_carry4_CI_O[2])
                                                      0.256    11.808 r  u_array/acc_reg[0][0][20]_i_1/O[2]
                         net (fo=1, unplaced)         0.000    11.808    u_array/acc_reg[0][0][20]_i_1_n_5
                         FDRE                                         r  u_array/acc_reg[0][0][22]/D
  -------------------------------------------------------------------    -------------------

                         (clock sys_clk rise edge)   10.000    10.000 r  
    W5                                                0.000    10.000 r  clk (IN)
                         net (fo=0)                   0.000    10.000    clk
    W5                                                                r  clk_IBUF_inst/I
    W5                   IBUF (Prop_ibuf_I_O)         1.388    11.388 r  clk_IBUF_inst/O
                         net (fo=1, unplaced)         0.760    12.148    clk_IBUF
                                                                      r  clk_IBUF_BUFG_inst/I
                         BUFG (Prop_bufg_I_O)         0.091    12.239 r  clk_IBUF_BUFG_inst/O
                         net (fo=1258, unplaced)      0.439    12.678    u_array/clk_IBUF_BUFG
                         FDRE                                         r  u_array/acc_reg[0][0][22]/C
                         clock pessimism              0.115    12.793    
                         clock uncertainty           -0.161    12.632    
                         FDRE (Setup_fdre_C_D)        0.076    12.708    u_array/acc_reg[0][0][22]
  -------------------------------------------------------------------
                         required time                         12.708    
                         arrival time                         -11.808    
  -------------------------------------------------------------------
                         slack                                  0.900    

Slack (MET) :             0.900ns  (required time - arrival time)
  Source:                 u_ibuf/mem_reg[0][2][2]/C
                            (rising edge-triggered cell FDRE clocked by sys_clk  {rise@0.000ns fall@5.000ns period=10.000ns})
  Destination:            u_array/acc_reg[0][1][22]/D
                            (rising edge-triggered cell FDRE clocked by sys_clk  {rise@0.000ns fall@5.000ns period=10.000ns})
  Path Group:             sys_clk
  Path Type:              Setup (Max at Slow Process Corner)
  Requirement:            10.000ns  (sys_clk rise@10.000ns - sys_clk rise@0.000ns)
  Data Path Delay:        8.870ns  (logic 3.985ns (44.927%)  route 4.885ns (55.073%))
  Logic Levels:           11  (CARRY4=6 LUT2=1 LUT3=1 LUT4=1 LUT6=2)
  Clock Path Skew:        -0.145ns (DCD - SCD + CPR)
    Destination Clock Delay (DCD):    2.678ns = ( 12.678 - 10.000 ) 
    Source Clock Delay      (SCD):    2.938ns
    Clock Pessimism Removal (CPR):    0.115ns
  Clock Uncertainty:      0.161ns  ((TSJ^2 + TIJ^2)^1/2 + DJ) / 2 + PE + UU
    Total System Jitter     (TSJ):    0.071ns
    Total Input Jitter      (TIJ):    0.100ns
    Discrete Jitter          (DJ):    0.000ns
    Phase Error              (PE):    0.000ns
    User Uncertainty         (UU):    0.100ns

    Location             Delay type                Incr(ns)  Path(ns)    Netlist Resource(s)
  -------------------------------------------------------------------    -------------------
                         (clock sys_clk rise edge)    0.000     0.000 r  
    W5                                                0.000     0.000 r  clk (IN)
                         net (fo=0)                   0.000     0.000    clk
    W5                                                                r  clk_IBUF_inst/I
    W5                   IBUF (Prop_ibuf_I_O)         1.458     1.458 r  clk_IBUF_inst/O
                         net (fo=1, unplaced)         0.800     2.258    clk_IBUF
                                                                      r  clk_IBUF_BUFG_inst/I
                         BUFG (Prop_bufg_I_O)         0.096     2.354 r  clk_IBUF_BUFG_inst/O
                         net (fo=1258, unplaced)      0.584     2.938    u_ibuf/CLK
                         FDRE                                         r  u_ibuf/mem_reg[0][2][2]/C
  -------------------------------------------------------------------    -------------------
                         FDRE (Prop_fdre_C_Q)         0.456     3.394 r  u_ibuf/mem_reg[0][2][2]/Q
                         net (fo=1, unplaced)         0.965     4.359    u_ibuf/mem_reg[0][2]_1[2]
                                                                      r  u_ibuf/acc[0][0][0]_i_30/I0
                         LUT6 (Prop_lut6_I0_O)        0.295     4.654 f  u_ibuf/acc[0][0][0]_i_30/O
                         net (fo=17, unplaced)        0.505     5.159    u_fsm/acc[0][3][8]_i_21
                                                                      f  u_fsm/acc[0][0][0]_i_16/I3
                         LUT4 (Prop_lut4_I3_O)        0.124     5.283 r  u_fsm/acc[0][0][0]_i_16/O
                         net (fo=56, unplaced)        0.987     6.270    u_array/a_rows_gated[2]
                                                                      r  u_array/acc[0][1][0]_i_19/I1
                         LUT6 (Prop_lut6_I1_O)        0.124     6.394 r  u_array/acc[0][1][0]_i_19/O
                         net (fo=1, unplaced)         0.473     6.867    u_array/acc[0][1][0]_i_19_n_0
                                                                      r  u_array/acc_reg[0][1][0]_i_14/DI[3]
                         CARRY4 (Prop_carry4_DI[3]_CO[3])
                                                      0.396     7.263 r  u_array/acc_reg[0][1][0]_i_14/CO[3]
                         net (fo=1, unplaced)         0.009     7.272    u_array/acc_reg[0][1][0]_i_14_n_0
                                                                      r  u_array/acc_reg[0][1][4]_i_17/CI
                         CARRY4 (Prop_carry4_CI_O[1])
                                                      0.337     7.609 r  u_array/acc_reg[0][1][4]_i_17/O[1]
                         net (fo=2, unplaced)         0.622     8.231    u_array/acc_reg[0][1][4]_i_17_n_6
                                                                      r  u_array/acc[0][1][8]_i_9/I1
                         LUT3 (Prop_lut3_I1_O)        0.306     8.537 r  u_array/acc[0][1][8]_i_9/O
                         net (fo=2, unplaced)         0.650     9.187    u_array/acc[0][1][8]_i_9_n_0
                                                                      r  u_array/acc_reg[0][1][8]_i_2/DI[1]
                         CARRY4 (Prop_carry4_DI[1]_CO[3])
                                                      0.520     9.707 r  u_array/acc_reg[0][1][8]_i_2/CO[3]
                         net (fo=1, unplaced)         0.000     9.707    u_array/acc_reg[0][1][8]_i_2_n_0
                                                                      r  u_array/acc_reg[0][1][12]_i_2/CI
                         CARRY4 (Prop_carry4_CI_O[3])
                                                      0.331    10.038 r  u_array/acc_reg[0][1][12]_i_2/O[3]
                         net (fo=17, unplaced)        0.674    10.712    u_array/e01[15]
                                                                      r  u_array/acc[0][1][16]_i_4/I0
                         LUT2 (Prop_lut2_I0_O)        0.307    11.019 r  u_array/acc[0][1][16]_i_4/O
                         net (fo=1, unplaced)         0.000    11.019    u_array/acc[0][1][16]_i_4_n_0
                                                                      r  u_array/acc_reg[0][1][16]_i_1/S[1]
                         CARRY4 (Prop_carry4_S[1]_CO[3])
                                                      0.533    11.552 r  u_array/acc_reg[0][1][16]_i_1/CO[3]
                         net (fo=1, unplaced)         0.000    11.552    u_array/acc_reg[0][1][16]_i_1_n_0
                                                                      r  u_array/acc_reg[0][1][20]_i_1/CI
                         CARRY4 (Prop_carry4_CI_O[2])
                                                      0.256    11.808 r  u_array/acc_reg[0][1][20]_i_1/O[2]
                         net (fo=1, unplaced)         0.000    11.808    u_array/acc_reg[0][1][20]_i_1_n_5
                         FDRE                                         r  u_array/acc_reg[0][1][22]/D
  -------------------------------------------------------------------    -------------------

                         (clock sys_clk rise edge)   10.000    10.000 r  
    W5                                                0.000    10.000 r  clk (IN)
                         net (fo=0)                   0.000    10.000    clk
    W5                                                                r  clk_IBUF_inst/I
    W5                   IBUF (Prop_ibuf_I_O)         1.388    11.388 r  clk_IBUF_inst/O
                         net (fo=1, unplaced)         0.760    12.148    clk_IBUF
                                                                      r  clk_IBUF_BUFG_inst/I
                         BUFG (Prop_bufg_I_O)         0.091    12.239 r  clk_IBUF_BUFG_inst/O
                         net (fo=1258, unplaced)      0.439    12.678    u_array/clk_IBUF_BUFG
                         FDRE                                         r  u_array/acc_reg[0][1][22]/C
                         clock pessimism              0.115    12.793    
                         clock uncertainty           -0.161    12.632    
                         FDRE (Setup_fdre_C_D)        0.076    12.708    u_array/acc_reg[0][1][22]
  -------------------------------------------------------------------
                         required time                         12.708    
                         arrival time                         -11.808    
  -------------------------------------------------------------------
                         slack                                  0.900    





Pulse Width Checks
--------------------------------------------------------------------------------------
Clock Name:         sys_clk
Waveform(ns):       { 0.000 5.000 }
Period(ns):         10.000
Sources:            { clk }

Check Type        Corner  Lib Pin  Reference Pin  Required(ns)  Actual(ns)  Slack(ns)  Location  Pin
Min Period        n/a     BUFG/I   n/a            2.155         10.000      7.845                clk_IBUF_BUFG_inst/I
Min Period        n/a     FDRE/C   n/a            1.000         10.000      9.000                u_array/a1_r_reg[0]/C
Min Period        n/a     FDRE/C   n/a            1.000         10.000      9.000                u_array/a1_r_reg[1]/C
Min Period        n/a     FDRE/C   n/a            1.000         10.000      9.000                u_array/a1_r_reg[2]/C
Min Period        n/a     FDRE/C   n/a            1.000         10.000      9.000                u_array/a1_r_reg[3]/C
Min Period        n/a     FDRE/C   n/a            1.000         10.000      9.000                u_array/a1_r_reg[4]/C
Min Period        n/a     FDRE/C   n/a            1.000         10.000      9.000                u_array/a1_r_reg[5]/C
Min Period        n/a     FDRE/C   n/a            1.000         10.000      9.000                u_array/a1_r_reg[6]/C
Min Period        n/a     FDRE/C   n/a            1.000         10.000      9.000                u_array/a1_r_reg[7]/C
Min Period        n/a     FDRE/C   n/a            1.000         10.000      9.000                u_array/a2_r0_reg[0]/C
Low Pulse Width   Slow    FDRE/C   n/a            0.500         5.000       4.500                u_array/a1_r_reg[0]/C
Low Pulse Width   Fast    FDRE/C   n/a            0.500         5.000       4.500                u_array/a1_r_reg[0]/C
Low Pulse Width   Slow    FDRE/C   n/a            0.500         5.000       4.500                u_array/a1_r_reg[1]/C
Low Pulse Width   Fast    FDRE/C   n/a            0.500         5.000       4.500                u_array/a1_r_reg[1]/C
Low Pulse Width   Slow    FDRE/C   n/a            0.500         5.000       4.500                u_array/a1_r_reg[2]/C
Low Pulse Width   Fast    FDRE/C   n/a            0.500         5.000       4.500                u_array/a1_r_reg[2]/C
Low Pulse Width   Slow    FDRE/C   n/a            0.500         5.000       4.500                u_array/a1_r_reg[3]/C
Low Pulse Width   Fast    FDRE/C   n/a            0.500         5.000       4.500                u_array/a1_r_reg[3]/C
Low Pulse Width   Slow    FDRE/C   n/a            0.500         5.000       4.500                u_array/a1_r_reg[4]/C
Low Pulse Width   Fast    FDRE/C   n/a            0.500         5.000       4.500                u_array/a1_r_reg[4]/C
High Pulse Width  Slow    FDRE/C   n/a            0.500         5.000       4.500                u_array/a1_r_reg[0]/C
High Pulse Width  Fast    FDRE/C   n/a            0.500         5.000       4.500                u_array/a1_r_reg[0]/C
High Pulse Width  Slow    FDRE/C   n/a            0.500         5.000       4.500                u_array/a1_r_reg[1]/C
High Pulse Width  Fast    FDRE/C   n/a            0.500         5.000       4.500                u_array/a1_r_reg[1]/C
High Pulse Width  Slow    FDRE/C   n/a            0.500         5.000       4.500                u_array/a1_r_reg[2]/C
High Pulse Width  Fast    FDRE/C   n/a            0.500         5.000       4.500                u_array/a1_r_reg[2]/C
High Pulse Width  Slow    FDRE/C   n/a            0.500         5.000       4.500                u_array/a1_r_reg[3]/C
High Pulse Width  Fast    FDRE/C   n/a            0.500         5.000       4.500                u_array/a1_r_reg[3]/C
High Pulse Width  Slow    FDRE/C   n/a            0.500         5.000       4.500                u_array/a1_r_reg[4]/C
High Pulse Width  Fast    FDRE/C   n/a            0.500         5.000       4.500                u_array/a1_r_reg[4]/C



